2025-03-21 09:59:17,633 [INFO] Activator:176 - 


2025-03-21 09:59:17,643 [INFO] Activator:177 - !SESSION log4j initialized
2025-03-21 09:59:30,441 [INFO] LogOutputStream:77 - [STDOUT_REDIRECT] 
2025-03-21 09:59:32,474 [INFO] ApplicationProperties:184 - Using Application install path: C:\ST\STM32CubeIDE_1.18.0\STM32CubeIDE\plugins\com.st.stm32cube.common.mx_6.14.0.202502271554
2025-03-21 09:59:32,510 [INFO] DbMcusXml:78 - Set database path to: C:\ST\STM32CubeIDE_1.18.0\STM32CubeIDE\plugins\com.st.stm32cube.common.mx_6.14.0.202502271554\\db\/mcu/
2025-03-21 09:59:32,511 [INFO] ApiDb:274 - Set plugin database path to: C:\ST\STM32CubeIDE_1.18.0\STM32CubeIDE\plugins\com.st.stm32cube.common.mx_6.14.0.202502271554\\db\/plugins/boardmanager/
2025-03-21 09:59:32,513 [WARN] ApiDb:259 - Overriding images path with different value:  => C:\ST\STM32CubeIDE_1.18.0\STM32CubeIDE\plugins\com.st.stm32cube.common.mx_6.14.0.202502271554\\db\/plugins/mcufinder/images/
2025-03-21 09:59:32,551 [INFO] ApiDb:250 - Set database path to: C:\Users\Damian\.stmcufinder\plugins\mcufinder//mcu/
2025-03-21 09:59:32,553 [INFO] DbMcusAds:125 - Set database path to: C:\Users\Damian\.stmcufinder\plugins\mcufinder//mcu/
2025-03-21 09:59:32,557 [INFO] CrossReferenceDbSqlite:203 - Set database path to: C:\Users\Damian\.stmcufinder\plugins\mcufinder//mcu/cs/
2025-03-21 09:59:32,794 [INFO] RulesReader:64 - Compatibility file has been processed (301 Rules)
2025-03-21 09:59:33,045 [INFO] DbMcusXml:78 - Set database path to: C:\ST\STM32CubeIDE_1.18.0\STM32CubeIDE\plugins\com.st.stm32cube.common.mx_6.14.0.202502271554\\db\/mcu/
2025-03-21 09:59:33,046 [INFO] ApiDb:274 - Set plugin database path to: C:\ST\STM32CubeIDE_1.18.0\STM32CubeIDE\plugins\com.st.stm32cube.common.mx_6.14.0.202502271554\\db\/plugins/boardmanager/
2025-03-21 09:59:33,046 [INFO] ApiDb:261 - Set plugin images path to: C:\ST\STM32CubeIDE_1.18.0\STM32CubeIDE\plugins\com.st.stm32cube.common.mx_6.14.0.202502271554\\db\/plugins/mcufinder/images/
2025-03-21 09:59:33,046 [WARN] DbFile:41 - Overriding database path with different value: C:\Users\Damian\.stmcufinder\plugins\mcufinder/ => C:\Users\Damian\.stmcufinder\plugins\mcufinder
2025-03-21 09:59:33,046 [INFO] ApiDb:250 - Set database path to: C:\Users\Damian\.stmcufinder\plugins\mcufinder//mcu/
2025-03-21 09:59:33,046 [WARN] DbFile:41 - Overriding database path with different value: C:\Users\Damian\.stmcufinder\plugins\mcufinder/ => C:\Users\Damian\.stmcufinder\plugins\mcufinder
2025-03-21 09:59:33,047 [INFO] DbMcusAds:125 - Set database path to: C:\Users\Damian\.stmcufinder\plugins\mcufinder//mcu/
2025-03-21 09:59:33,047 [WARN] DbFile:41 - Overriding database path with different value: C:\Users\Damian\.stmcufinder\plugins\mcufinder/ => C:\Users\Damian\.stmcufinder\plugins\mcufinder
2025-03-21 09:59:33,047 [WARN] DbFile:41 - Overriding database path with different value: C:\Users\Damian\.stmcufinder\plugins\mcufinder/ => C:\Users\Damian\.stmcufinder\plugins\mcufinder
2025-03-21 09:59:33,047 [INFO] CrossReferenceDbSqlite:203 - Set database path to: C:\Users\Damian\.stmcufinder\plugins\mcufinder//mcu/cs/
2025-03-21 09:59:33,342 [INFO] MainPanel:272 - HeapMemory: 268435456
2025-03-21 09:59:33,695 [INFO] DbMcusXml:78 - Set database path to: C:\ST\STM32CubeIDE_1.18.0\STM32CubeIDE\plugins\com.st.stm32cube.common.mx_6.14.0.202502271554\\db\/mcu/
2025-03-21 09:59:33,696 [INFO] ApiDb:274 - Set plugin database path to: C:\ST\STM32CubeIDE_1.18.0\STM32CubeIDE\plugins\com.st.stm32cube.common.mx_6.14.0.202502271554\\db\/plugins/boardmanager/
2025-03-21 09:59:33,696 [INFO] ApiDb:261 - Set plugin images path to: C:\ST\STM32CubeIDE_1.18.0\STM32CubeIDE\plugins\com.st.stm32cube.common.mx_6.14.0.202502271554\\db\/plugins/mcufinder/images/
2025-03-21 09:59:33,696 [WARN] DbFile:41 - Overriding database path with different value: C:\Users\Damian\.stmcufinder\plugins\mcufinder/ => C:\Users\Damian\.stmcufinder\plugins\mcufinder
2025-03-21 09:59:33,696 [INFO] ApiDb:250 - Set database path to: C:\Users\Damian\.stmcufinder\plugins\mcufinder//mcu/
2025-03-21 09:59:33,697 [WARN] DbFile:41 - Overriding database path with different value: C:\Users\Damian\.stmcufinder\plugins\mcufinder/ => C:\Users\Damian\.stmcufinder\plugins\mcufinder
2025-03-21 09:59:33,697 [INFO] DbMcusAds:125 - Set database path to: C:\Users\Damian\.stmcufinder\plugins\mcufinder//mcu/
2025-03-21 09:59:33,698 [WARN] DbFile:41 - Overriding database path with different value: C:\Users\Damian\.stmcufinder\plugins\mcufinder/ => C:\Users\Damian\.stmcufinder\plugins\mcufinder
2025-03-21 09:59:33,698 [WARN] DbFile:41 - Overriding database path with different value: C:\Users\Damian\.stmcufinder\plugins\mcufinder/ => C:\Users\Damian\.stmcufinder\plugins\mcufinder
2025-03-21 09:59:33,698 [INFO] CrossReferenceDbSqlite:203 - Set database path to: C:\Users\Damian\.stmcufinder\plugins\mcufinder//mcu/cs/
2025-03-21 09:59:33,799 [INFO] ApplicationProperties:184 - Using Application install path: C:\ST\STM32CubeIDE_1.18.0\STM32CubeIDE\plugins\com.st.stm32cube.common.mx_6.14.0.202502271554
2025-03-21 09:59:33,802 [INFO] PluginManage:196 - Search for loadable plugins [exclusion list=, ]
2025-03-21 09:59:33,816 [INFO] PluginManage:310 - Check plugin analytics
2025-03-21 09:59:34,161 [INFO] AnalyticsPlugin:253 - Accepted Software Licenses: 
2025-03-21 09:59:34,161 [INFO] AnalyticsPlugin:255 - Accepted CMSIS Pack Licenses: 
2025-03-21 09:59:34,162 [INFO] AnalyticsPlugin:257 - Accepted Firmware Licenses: FW.L4.1.18.0
2025-03-21 09:59:34,166 [INFO] PluginManage:359 - Loaded plugin analytics (category:tool,tabindex:-1)
2025-03-21 09:59:34,167 [INFO] PluginManage:310 - Check plugin cadmodel
2025-03-21 09:59:34,183 [INFO] CADModel:105 - Init CAD model plugin
2025-03-21 09:59:34,183 [INFO] PluginManage:359 - Loaded plugin cadmodel (category:power,tabindex:5)
2025-03-21 09:59:34,184 [INFO] PluginManage:310 - Check plugin clock
2025-03-21 09:59:34,203 [INFO] PluginManage:359 - Loaded plugin clock (category:base,tabindex:2)
2025-03-21 09:59:34,204 [INFO] PluginManage:310 - Check plugin ddr
2025-03-21 09:59:34,209 [INFO] PluginManage:359 - Loaded plugin ddr (category:tool,tabindex:6)
2025-03-21 09:59:34,209 [INFO] PluginManage:310 - Check plugin filemanager
2025-03-21 09:59:34,494 [INFO] PluginManage:359 - Loaded plugin filemanager (category:base,tabindex:10)
2025-03-21 09:59:34,494 [INFO] PluginManage:310 - Check plugin ipmanager
2025-03-21 09:59:34,511 [INFO] PluginManage:359 - Loaded plugin ipmanager (category:base,tabindex:5)
2025-03-21 09:59:34,511 [INFO] PluginManage:310 - Check plugin lpbam
2025-03-21 09:59:34,531 [INFO] PluginManage:359 - Loaded plugin lpbam (category:base,tabindex:0)
2025-03-21 09:59:34,531 [INFO] PluginManage:310 - Check plugin memorymap
2025-03-21 09:59:34,563 [INFO] PluginManage:359 - Loaded plugin memorymap (category:base,tabindex:4)
2025-03-21 09:59:34,564 [INFO] PluginManage:310 - Check plugin pinoutandconfiguration
2025-03-21 09:59:34,581 [INFO] PluginManage:359 - Loaded plugin pinoutandconfiguration (category:base,tabindex:1)
2025-03-21 09:59:34,581 [INFO] PluginManage:310 - Check plugin pinoutconfig
2025-03-21 09:59:34,775 [WARN] SupportedApi:132 - Cannot load RTOS API schema: s4s-elt-must-match.1: The content of 'definitions' must match (annotation?, (simpleType | complexType)?, (unique | key | keyref)*)). A problem was found starting at: attribute.
2025-03-21 09:59:35,259 [INFO] PluginManage:359 - Loaded plugin pinoutconfig (category:base,tabindex:0)
2025-03-21 09:59:35,260 [INFO] PluginManage:310 - Check plugin power
2025-03-21 09:59:35,337 [INFO] PluginManage:359 - Loaded plugin power (category:power,tabindex:4)
2025-03-21 09:59:35,337 [INFO] PluginManage:310 - Check plugin projectmanager
2025-03-21 09:59:35,365 [INFO] PluginManage:359 - Loaded plugin projectmanager (category:projectmanager,tabindex:4)
2025-03-21 09:59:35,366 [INFO] PluginManage:310 - Check plugin rif
2025-03-21 09:59:35,436 [INFO] PluginManage:359 - Loaded plugin rif (category:base,tabindex:3)
2025-03-21 09:59:35,437 [INFO] PluginManage:310 - Check plugin thirdparty
2025-03-21 09:59:35,948 [INFO] PluginManage:359 - Loaded plugin thirdparty (category:base,tabindex:-1)
2025-03-21 09:59:35,949 [INFO] PluginManage:310 - Check plugin tools
2025-03-21 09:59:35,949 [WARN] IntegrityCheckThread:84 - waiting for thirdparty lock release [integrity check]
2025-03-21 09:59:35,949 [INFO] IntegrityCheckThread:86 - entering critical section [integrity check]
2025-03-21 09:59:35,950 [INFO] ThirdPartyUpdaterWithRetryManager:70 - Updater plugin not ready yet. [1/15]
2025-03-21 09:59:35,953 [INFO] PluginManage:359 - Loaded plugin tools (category:base,tabindex:7)
2025-03-21 09:59:35,953 [INFO] PluginManage:310 - Check plugin tutovideos
2025-03-21 09:59:36,506 [INFO] PluginManage:359 - Loaded plugin tutovideos (category:base,tabindex:-1)
2025-03-21 09:59:36,506 [INFO] PluginManage:310 - Check plugin updater
2025-03-21 09:59:36,601 [INFO] PluginManage:359 - Loaded plugin updater (category:base,tabindex:12)
2025-03-21 09:59:36,602 [INFO] PluginManage:310 - Check plugin userauth
2025-03-21 09:59:36,609 [INFO] UserAuth:118 - Init User Auth plugin
2025-03-21 09:59:36,610 [INFO] PluginManage:359 - Loaded plugin userauth (category:base,tabindex:14)
2025-03-21 09:59:36,611 [INFO] PluginManage:283 - PluginManage : Loaded plugins [18]
2025-03-21 09:59:37,520 [INFO] PinOutPanel:1589 - setPackage(No Configuration,No Configuration)
2025-03-21 09:59:37,988 [INFO] CADModel:165 - CPN selected for project level
2025-03-21 09:59:37,988 [INFO] CADModel:114 - Register for checkConnection events
2025-03-21 09:59:38,028 [INFO] IPUIPlugin:80 - create IPUIPlugin
2025-03-21 09:59:38,028 [INFO] PluginManager:220 - loadIPPluginJar : add adc
2025-03-21 09:59:38,049 [INFO] IPUIPlugin:80 - create IPUIPlugin
2025-03-21 09:59:38,050 [INFO] PluginManager:220 - loadIPPluginJar : add aes
2025-03-21 09:59:38,058 [INFO] IPUIPlugin:80 - create IPUIPlugin
2025-03-21 09:59:38,058 [INFO] PluginManager:220 - loadIPPluginJar : add can
2025-03-21 09:59:38,076 [INFO] IPUIPlugin:80 - create IPUIPlugin
2025-03-21 09:59:38,076 [INFO] PluginManager:220 - loadIPPluginJar : add comp
2025-03-21 09:59:38,083 [INFO] IPUIPlugin:80 - create IPUIPlugin
2025-03-21 09:59:38,083 [INFO] PluginManager:220 - loadIPPluginJar : add cryp
2025-03-21 09:59:38,114 [INFO] IPUIPlugin:80 - create IPUIPlugin
2025-03-21 09:59:38,114 [INFO] PluginManager:220 - loadIPPluginJar : add ddr_ctrl_phy
2025-03-21 09:59:38,119 [INFO] IPUIPlugin:80 - create IPUIPlugin
2025-03-21 09:59:38,119 [INFO] PluginManager:220 - loadIPPluginJar : add dfsdm
2025-03-21 09:59:38,130 [INFO] IPUIPlugin:80 - create IPUIPlugin
2025-03-21 09:59:38,131 [INFO] PluginManager:220 - loadIPPluginJar : add dma
2025-03-21 09:59:38,135 [INFO] IPUIPlugin:80 - create IPUIPlugin
2025-03-21 09:59:38,136 [INFO] PluginManager:220 - loadIPPluginJar : add dma3
2025-03-21 09:59:38,161 [INFO] IPUIPlugin:80 - create IPUIPlugin
2025-03-21 09:59:38,161 [INFO] PluginManager:220 - loadIPPluginJar : add extmemmanager
2025-03-21 09:59:38,164 [INFO] IPUIPlugin:80 - create IPUIPlugin
2025-03-21 09:59:38,164 [INFO] PluginManager:220 - loadIPPluginJar : add fatfs
2025-03-21 09:59:38,176 [INFO] IPUIPlugin:80 - create IPUIPlugin
2025-03-21 09:59:38,177 [INFO] PluginManager:220 - loadIPPluginJar : add fmc
2025-03-21 09:59:38,200 [INFO] IPUIPlugin:80 - create IPUIPlugin
2025-03-21 09:59:38,201 [INFO] PluginManager:220 - loadIPPluginJar : add freertos
2025-03-21 09:59:38,217 [INFO] IPUIPlugin:80 - create IPUIPlugin
2025-03-21 09:59:38,217 [INFO] PluginManager:220 - loadIPPluginJar : add genericplugin
2025-03-21 09:59:38,221 [INFO] IPUIPlugin:80 - create IPUIPlugin
2025-03-21 09:59:38,221 [INFO] PluginManager:220 - loadIPPluginJar : add gfxmmu
2025-03-21 09:59:38,233 [INFO] IPUIPlugin:80 - create IPUIPlugin
2025-03-21 09:59:38,234 [INFO] PluginManager:220 - loadIPPluginJar : add gic
2025-03-21 09:59:38,243 [INFO] IPUIPlugin:80 - create IPUIPlugin
2025-03-21 09:59:38,243 [INFO] PluginManager:220 - loadIPPluginJar : add gpio
2025-03-21 09:59:38,266 [INFO] IPUIPlugin:80 - create IPUIPlugin
2025-03-21 09:59:38,266 [INFO] PluginManager:220 - loadIPPluginJar : add gtzc
2025-03-21 09:59:38,294 [INFO] IPUIPlugin:80 - create IPUIPlugin
2025-03-21 09:59:38,294 [INFO] PluginManager:220 - loadIPPluginJar : add hash
2025-03-21 09:59:38,315 [INFO] IPUIPlugin:80 - create IPUIPlugin
2025-03-21 09:59:38,316 [INFO] PluginManager:220 - loadIPPluginJar : add i2c
2025-03-21 09:59:38,320 [INFO] IPUIPlugin:80 - create IPUIPlugin
2025-03-21 09:59:38,320 [INFO] PluginManager:220 - loadIPPluginJar : add i2s
2025-03-21 09:59:38,328 [INFO] IPUIPlugin:80 - create IPUIPlugin
2025-03-21 09:59:38,328 [INFO] PluginManager:220 - loadIPPluginJar : add i3c
2025-03-21 09:59:38,355 [INFO] IPUIPlugin:80 - create IPUIPlugin
2025-03-21 09:59:38,355 [INFO] PluginManager:220 - loadIPPluginJar : add ipddr
2025-03-21 09:59:38,391 [INFO] IPUIPlugin:80 - create IPUIPlugin
2025-03-21 09:59:38,391 [INFO] PluginManager:220 - loadIPPluginJar : add linkedlist
2025-03-21 09:59:38,417 [INFO] IPUIPlugin:80 - create IPUIPlugin
2025-03-21 09:59:38,417 [INFO] PluginManager:220 - loadIPPluginJar : add lorawan
2025-03-21 09:59:38,425 [INFO] IPUIPlugin:80 - create IPUIPlugin
2025-03-21 09:59:38,425 [INFO] PluginManager:220 - loadIPPluginJar : add ltdc
2025-03-21 09:59:38,455 [INFO] IPUIPlugin:80 - create IPUIPlugin
2025-03-21 09:59:38,455 [INFO] PluginManager:220 - loadIPPluginJar : add mdma
2025-03-21 09:59:38,482 [INFO] IPUIPlugin:80 - create IPUIPlugin
2025-03-21 09:59:38,483 [INFO] PluginManager:220 - loadIPPluginJar : add nvic
2025-03-21 09:59:38,491 [INFO] IPUIPlugin:80 - create IPUIPlugin
2025-03-21 09:59:38,491 [INFO] PluginManager:220 - loadIPPluginJar : add opamp
2025-03-21 09:59:38,515 [INFO] IPUIPlugin:80 - create IPUIPlugin
2025-03-21 09:59:38,515 [INFO] PluginManager:220 - loadIPPluginJar : add openamp
2025-03-21 09:59:38,557 [INFO] IPUIPlugin:80 - create IPUIPlugin
2025-03-21 09:59:38,557 [INFO] PluginManager:220 - loadIPPluginJar : add pdm2pcm
2025-03-21 09:59:38,584 [INFO] IPUIPlugin:80 - create IPUIPlugin
2025-03-21 09:59:38,594 [INFO] PluginManager:220 - loadIPPluginJar : add plateformsettings
2025-03-21 09:59:38,617 [INFO] IPUIPlugin:80 - create IPUIPlugin
2025-03-21 09:59:38,617 [INFO] PluginManager:220 - loadIPPluginJar : add quadspi
2025-03-21 09:59:38,620 [INFO] IPUIPlugin:80 - create IPUIPlugin
2025-03-21 09:59:38,624 [INFO] PluginManager:220 - loadIPPluginJar : add radio
2025-03-21 09:59:38,674 [INFO] IPUIPlugin:80 - create IPUIPlugin
2025-03-21 09:59:38,674 [INFO] PluginManager:220 - loadIPPluginJar : add resmgrutility
2025-03-21 09:59:38,680 [INFO] IPUIPlugin:80 - create IPUIPlugin
2025-03-21 09:59:38,680 [INFO] PluginManager:220 - loadIPPluginJar : add sai
2025-03-21 09:59:38,684 [INFO] IPUIPlugin:80 - create IPUIPlugin
2025-03-21 09:59:38,685 [INFO] PluginManager:220 - loadIPPluginJar : add spi
2025-03-21 09:59:38,698 [INFO] IPUIPlugin:80 - create IPUIPlugin
2025-03-21 09:59:38,698 [INFO] PluginManager:220 - loadIPPluginJar : add stm32_wpan
2025-03-21 09:59:38,706 [INFO] IPUIPlugin:80 - create IPUIPlugin
2025-03-21 09:59:38,706 [INFO] PluginManager:220 - loadIPPluginJar : add tim
2025-03-21 09:59:38,730 [INFO] IPUIPlugin:80 - create IPUIPlugin
2025-03-21 09:59:38,730 [INFO] PluginManager:220 - loadIPPluginJar : add touchsensing
2025-03-21 09:59:38,745 [INFO] IPUIPlugin:80 - create IPUIPlugin
2025-03-21 09:59:38,745 [INFO] PluginManager:220 - loadIPPluginJar : add tracer_emb
2025-03-21 09:59:38,768 [INFO] IPUIPlugin:80 - create IPUIPlugin
2025-03-21 09:59:38,768 [INFO] PluginManager:220 - loadIPPluginJar : add ts
2025-03-21 09:59:38,771 [INFO] IPUIPlugin:80 - create IPUIPlugin
2025-03-21 09:59:38,771 [INFO] PluginManager:220 - loadIPPluginJar : add tsc
2025-03-21 09:59:38,777 [INFO] IPUIPlugin:80 - create IPUIPlugin
2025-03-21 09:59:38,777 [INFO] PluginManager:220 - loadIPPluginJar : add ucpd
2025-03-21 09:59:38,803 [INFO] IPUIPlugin:80 - create IPUIPlugin
2025-03-21 09:59:38,803 [INFO] PluginManager:220 - loadIPPluginJar : add usart
2025-03-21 09:59:38,810 [INFO] IPUIPlugin:80 - create IPUIPlugin
2025-03-21 09:59:38,811 [INFO] PluginManager:220 - loadIPPluginJar : add usbx
2025-03-21 09:59:38,951 [INFO] ThirdPartyUpdaterWithRetryManager:70 - Updater plugin not ready yet. [2/15]
2025-03-21 09:59:39,051 [FATAL] Updater:351 - Updater called before beeing initialized
2025-03-21 09:59:39,099 [INFO] RulesReader:64 - Compatibility file has been processed (301 Rules)
2025-03-21 09:59:39,147 [INFO] RulesReader:64 - Compatibility file has been processed (301 Rules)
2025-03-21 09:59:39,171 [INFO] CADModel:165 - CPN selected for project level
2025-03-21 09:59:39,171 [INFO] CADModel:114 - Register for checkConnection events
2025-03-21 09:59:39,172 [FATAL] Updater:351 - Updater called before beeing initialized
2025-03-21 09:59:39,172 [ERROR] CADModel:125 - Updater not yet initialized, retry later 
2025-03-21 09:59:39,707 [FATAL] Updater:351 - Updater called before beeing initialized
2025-03-21 09:59:39,732 [INFO] CADModel:165 - CPN selected for project level
2025-03-21 09:59:39,732 [INFO] CADModel:114 - Register for checkConnection events
2025-03-21 09:59:39,732 [FATAL] Updater:351 - Updater called before beeing initialized
2025-03-21 09:59:39,732 [ERROR] CADModel:125 - Updater not yet initialized, retry later 
2025-03-21 09:59:39,738 [FATAL] Updater:351 - Updater called before beeing initialized
2025-03-21 09:59:40,203 [FATAL] Updater:351 - Updater called before beeing initialized
2025-03-21 09:59:40,217 [INFO] DbMcusAds:53 - JSON generation date=Thu Mar 06 15:54:21 CET 2025 (1741272861825)
2025-03-21 09:59:40,217 [FATAL] Updater:351 - Updater called before beeing initialized
2025-03-21 09:59:40,348 [WARN] DetailPanel:346 - Failed to get advertising image, set to default
2025-03-21 09:59:40,888 [FATAL] Updater:351 - Updater called before beeing initialized
2025-03-21 09:59:40,891 [FATAL] Updater:351 - Updater called before beeing initialized
2025-03-21 09:59:40,892 [FATAL] Updater:351 - Updater called before beeing initialized
2025-03-21 09:59:40,892 [WARN] DetailPanel:346 - Failed to get advertising image, set to default
2025-03-21 09:59:40,893 [FATAL] Updater:351 - Updater called before beeing initialized
2025-03-21 09:59:41,057 [ERROR] Updater:1198 - MainUpdater not yet initialized. External WinMGr cannot be set.
2025-03-21 09:59:41,070 [INFO] Updater:1134 - Updater Version found : 6.14.0
2025-03-21 09:59:41,163 [INFO] ApplicationProperties:184 - Using Application install path: C:\ST\STM32CubeIDE_1.18.0\STM32CubeIDE\plugins\com.st.stm32cube.common.mx_6.14.0.202502271554
2025-03-21 09:59:41,954 [FATAL] Updater:351 - Updater called before beeing initialized
2025-03-21 09:59:41,955 [ERROR] IntegrityCheckThread:130 - Cannot retrieve database content from updater: error 21
2025-03-21 09:59:41,955 [INFO] ThirdParty:978 - Integrity check success = false
2025-03-21 09:59:41,955 [INFO] IntegrityCheckThread:100 - exiting critical section [integrity check]
2025-03-21 09:59:41,955 [INFO] IntegrityCheckThread:103 - End integrity checks thread
2025-03-21 09:59:42,756 [ERROR] LogOutputStream:75 - [STDERR_REDIRECT] Mar 21, 2025 9:59:42 AM java.util.prefs.WindowsPreferences <init>
2025-03-21 09:59:42,759 [ERROR] LogOutputStream:75 - [STDERR_REDIRECT] WARNING: Could not open/create prefs root node Software\JavaSoft\Prefs at root 0xffffffff80000002. Windows RegCreateKeyEx(...) returned error code 5.
2025-03-21 09:59:42,759 [ERROR] LogOutputStream:75 - [STDERR_REDIRECT] 
2025-03-21 09:59:43,758 [INFO] MainUpdater:2872 - connection check result : 10
2025-03-21 09:59:43,758 [INFO] MainUpdater:3566 - Updater definition file requires update
2025-03-21 09:59:43,759 [INFO] MainUpdater:289 - Updater Check For Update Now.
2025-03-21 09:59:43,760 [INFO] MicroXplorer:498 - Change Database Version : DB.6.0.140
2025-03-21 09:59:43,796 [INFO] McuFinderGlobals:63 - Set McuFinder mode to 2 (CubeIDE integrated)
2025-03-21 09:59:43,797 [INFO] UserAuth:486 - Internet connection configuration mode: 1
2025-03-21 09:59:43,962 [INFO] JxBrowserEngine:152 - Initiate JxBrowser Engine with user profile folder
2025-03-21 09:59:44,013 [INFO] ServerAccessManage:473 - Download File updaters.zip
2025-03-21 09:59:44,352 [INFO] FileExtend:242 - Unzip File : updaters.zip
2025-03-21 09:59:44,352 [INFO] FileExtend:257 - Standard Zip Deflate
2025-03-21 09:59:45,212 [INFO] ServerAccessManage:473 - Download File PacksControlFlags.xml
2025-03-21 09:59:45,351 [INFO] ServerAccessManage:473 - Download File cubemx.pidx
2025-03-21 09:59:47,320 [INFO] ServerAccessManage:473 - Download File STMicroelectronics.X-CUBE-AZRTOS-H7RS.pdsc
2025-03-21 09:59:50,433 [WARN] PackLoader:240 - Cannot read IP mode file for STMicroelectronics.X-CUBE-AZRTOS-H7RS.1.1.0
2025-03-21 09:59:50,445 [INFO] PopulateThirdPartyThread:66 - Ending populate Thread
2025-03-21 09:59:50,449 [INFO] ThirdParty:1030 - CMSIS Pack Vendor :STMicroelectronics X-CUBE-AZRTOS-H7RS 1.1.0
2025-03-21 09:59:50,449 [INFO] LoadServerUpdatesThread:375 - End of LoadServerUpdate Thread
2025-03-21 09:59:50,678 [INFO] CheckServerUpdateThread:120 - End of CheckServer Thread
2025-03-21 09:59:51,021 [INFO] WebApp:169 - Instantiating new browser for Auth
2025-03-21 09:59:53,693 [INFO] WebApp:463 - Apply proxy settings
2025-03-21 09:59:53,696 [INFO] WebApp:548 - Chromium requires no authentication
2025-03-21 09:59:53,710 [INFO] WebApp:491 - Direct internet connection detected
2025-03-21 09:59:53,772 [INFO] WebApp:894 - Register for checkConnection events
2025-03-21 09:59:53,772 [INFO] WebApp:463 - Apply proxy settings
2025-03-21 09:59:53,772 [INFO] WebApp:548 - Chromium requires no authentication
2025-03-21 09:59:53,773 [INFO] WebApp:491 - Direct internet connection detected
2025-03-21 09:59:53,986 [INFO] WebApp:191 - Connection restablished
2025-03-21 09:59:54,396 [INFO] WebApp:225 - Starting web application
2025-03-21 09:59:54,397 [INFO] WebApp:593 - Web application path used C:\ST\STM32CubeIDE_1.18.0\STM32CubeIDE\plugins\com.st.stm32cube.common.mx_6.14.0.202502271554\db\plugins\mcufinder\reactClient1\index.html
2025-03-21 09:59:54,675 [INFO] UserAuth:486 - Internet connection configuration mode: 1
2025-03-21 11:34:01,720 [INFO] WebApp:403 - JxBrowser engine has been closed 
2025-03-21 11:54:39,547 [ERROR] LogOutputStream:75 - [STDERR_REDIRECT] 
2025-03-21 11:54:39,549 [ERROR] LogOutputStream:75 - [STDERR_REDIRECT] 
2025-03-21 16:53:58,940 [INFO] Activator:176 - 


2025-03-21 16:53:58,943 [INFO] Activator:177 - !SESSION log4j initialized
2025-03-21 16:54:06,035 [INFO] LogOutputStream:77 - [STDOUT_REDIRECT] 
2025-03-21 16:54:07,365 [INFO] ApplicationProperties:184 - Using Application install path: C:\ST\STM32CubeIDE_1.18.0\STM32CubeIDE\plugins\com.st.stm32cube.common.mx_6.14.0.202502271554
2025-03-21 16:54:07,386 [INFO] DbMcusXml:78 - Set database path to: C:\ST\STM32CubeIDE_1.18.0\STM32CubeIDE\plugins\com.st.stm32cube.common.mx_6.14.0.202502271554\\db\/mcu/
2025-03-21 16:54:07,386 [INFO] ApiDb:274 - Set plugin database path to: C:\ST\STM32CubeIDE_1.18.0\STM32CubeIDE\plugins\com.st.stm32cube.common.mx_6.14.0.202502271554\\db\/plugins/boardmanager/
2025-03-21 16:54:07,386 [WARN] ApiDb:259 - Overriding images path with different value:  => C:\ST\STM32CubeIDE_1.18.0\STM32CubeIDE\plugins\com.st.stm32cube.common.mx_6.14.0.202502271554\\db\/plugins/mcufinder/images/
2025-03-21 16:54:07,396 [INFO] ApiDb:250 - Set database path to: C:\Users\Damian\.stmcufinder\plugins\mcufinder//mcu/
2025-03-21 16:54:07,397 [INFO] DbMcusAds:125 - Set database path to: C:\Users\Damian\.stmcufinder\plugins\mcufinder//mcu/
2025-03-21 16:54:07,400 [INFO] CrossReferenceDbSqlite:203 - Set database path to: C:\Users\Damian\.stmcufinder\plugins\mcufinder//mcu/cs/
2025-03-21 16:54:07,543 [INFO] RulesReader:64 - Compatibility file has been processed (301 Rules)
2025-03-21 16:54:07,672 [INFO] DbMcusXml:78 - Set database path to: C:\ST\STM32CubeIDE_1.18.0\STM32CubeIDE\plugins\com.st.stm32cube.common.mx_6.14.0.202502271554\\db\/mcu/
2025-03-21 16:54:07,672 [INFO] ApiDb:274 - Set plugin database path to: C:\ST\STM32CubeIDE_1.18.0\STM32CubeIDE\plugins\com.st.stm32cube.common.mx_6.14.0.202502271554\\db\/plugins/boardmanager/
2025-03-21 16:54:07,672 [INFO] ApiDb:261 - Set plugin images path to: C:\ST\STM32CubeIDE_1.18.0\STM32CubeIDE\plugins\com.st.stm32cube.common.mx_6.14.0.202502271554\\db\/plugins/mcufinder/images/
2025-03-21 16:54:07,672 [WARN] DbFile:41 - Overriding database path with different value: C:\Users\Damian\.stmcufinder\plugins\mcufinder/ => C:\Users\Damian\.stmcufinder\plugins\mcufinder
2025-03-21 16:54:07,673 [INFO] ApiDb:250 - Set database path to: C:\Users\Damian\.stmcufinder\plugins\mcufinder//mcu/
2025-03-21 16:54:07,673 [WARN] DbFile:41 - Overriding database path with different value: C:\Users\Damian\.stmcufinder\plugins\mcufinder/ => C:\Users\Damian\.stmcufinder\plugins\mcufinder
2025-03-21 16:54:07,673 [INFO] DbMcusAds:125 - Set database path to: C:\Users\Damian\.stmcufinder\plugins\mcufinder//mcu/
2025-03-21 16:54:07,673 [WARN] DbFile:41 - Overriding database path with different value: C:\Users\Damian\.stmcufinder\plugins\mcufinder/ => C:\Users\Damian\.stmcufinder\plugins\mcufinder
2025-03-21 16:54:07,674 [WARN] DbFile:41 - Overriding database path with different value: C:\Users\Damian\.stmcufinder\plugins\mcufinder/ => C:\Users\Damian\.stmcufinder\plugins\mcufinder
2025-03-21 16:54:07,674 [INFO] CrossReferenceDbSqlite:203 - Set database path to: C:\Users\Damian\.stmcufinder\plugins\mcufinder//mcu/cs/
2025-03-21 16:54:07,797 [INFO] MainPanel:272 - HeapMemory: 268435456
2025-03-21 16:54:07,941 [INFO] DbMcusXml:78 - Set database path to: C:\ST\STM32CubeIDE_1.18.0\STM32CubeIDE\plugins\com.st.stm32cube.common.mx_6.14.0.202502271554\\db\/mcu/
2025-03-21 16:54:07,941 [INFO] ApiDb:274 - Set plugin database path to: C:\ST\STM32CubeIDE_1.18.0\STM32CubeIDE\plugins\com.st.stm32cube.common.mx_6.14.0.202502271554\\db\/plugins/boardmanager/
2025-03-21 16:54:07,941 [INFO] ApiDb:261 - Set plugin images path to: C:\ST\STM32CubeIDE_1.18.0\STM32CubeIDE\plugins\com.st.stm32cube.common.mx_6.14.0.202502271554\\db\/plugins/mcufinder/images/
2025-03-21 16:54:07,941 [WARN] DbFile:41 - Overriding database path with different value: C:\Users\Damian\.stmcufinder\plugins\mcufinder/ => C:\Users\Damian\.stmcufinder\plugins\mcufinder
2025-03-21 16:54:07,941 [INFO] ApiDb:250 - Set database path to: C:\Users\Damian\.stmcufinder\plugins\mcufinder//mcu/
2025-03-21 16:54:07,941 [WARN] DbFile:41 - Overriding database path with different value: C:\Users\Damian\.stmcufinder\plugins\mcufinder/ => C:\Users\Damian\.stmcufinder\plugins\mcufinder
2025-03-21 16:54:07,941 [INFO] DbMcusAds:125 - Set database path to: C:\Users\Damian\.stmcufinder\plugins\mcufinder//mcu/
2025-03-21 16:54:07,941 [WARN] DbFile:41 - Overriding database path with different value: C:\Users\Damian\.stmcufinder\plugins\mcufinder/ => C:\Users\Damian\.stmcufinder\plugins\mcufinder
2025-03-21 16:54:07,941 [WARN] DbFile:41 - Overriding database path with different value: C:\Users\Damian\.stmcufinder\plugins\mcufinder/ => C:\Users\Damian\.stmcufinder\plugins\mcufinder
2025-03-21 16:54:07,941 [INFO] CrossReferenceDbSqlite:203 - Set database path to: C:\Users\Damian\.stmcufinder\plugins\mcufinder//mcu/cs/
2025-03-21 16:54:07,966 [INFO] ApplicationProperties:184 - Using Application install path: C:\ST\STM32CubeIDE_1.18.0\STM32CubeIDE\plugins\com.st.stm32cube.common.mx_6.14.0.202502271554
2025-03-21 16:54:07,967 [INFO] PluginManage:196 - Search for loadable plugins [exclusion list=, ]
2025-03-21 16:54:07,969 [INFO] PluginManage:310 - Check plugin analytics
2025-03-21 16:54:08,220 [INFO] AnalyticsPlugin:253 - Accepted Software Licenses: 
2025-03-21 16:54:08,220 [INFO] AnalyticsPlugin:255 - Accepted CMSIS Pack Licenses: 
2025-03-21 16:54:08,220 [INFO] AnalyticsPlugin:257 - Accepted Firmware Licenses: FW.L4.1.18.0
2025-03-21 16:54:08,224 [INFO] PluginManage:359 - Loaded plugin analytics (category:tool,tabindex:-1)
2025-03-21 16:54:08,225 [INFO] PluginManage:310 - Check plugin cadmodel
2025-03-21 16:54:08,232 [INFO] CADModel:105 - Init CAD model plugin
2025-03-21 16:54:08,233 [INFO] PluginManage:359 - Loaded plugin cadmodel (category:power,tabindex:5)
2025-03-21 16:54:08,233 [INFO] PluginManage:310 - Check plugin clock
2025-03-21 16:54:08,248 [INFO] PluginManage:359 - Loaded plugin clock (category:base,tabindex:2)
2025-03-21 16:54:08,248 [INFO] PluginManage:310 - Check plugin ddr
2025-03-21 16:54:08,250 [INFO] PluginManage:359 - Loaded plugin ddr (category:tool,tabindex:6)
2025-03-21 16:54:08,250 [INFO] PluginManage:310 - Check plugin filemanager
2025-03-21 16:54:08,414 [INFO] PluginManage:359 - Loaded plugin filemanager (category:base,tabindex:10)
2025-03-21 16:54:08,414 [INFO] PluginManage:310 - Check plugin ipmanager
2025-03-21 16:54:08,422 [INFO] PluginManage:359 - Loaded plugin ipmanager (category:base,tabindex:5)
2025-03-21 16:54:08,422 [INFO] PluginManage:310 - Check plugin lpbam
2025-03-21 16:54:08,432 [INFO] PluginManage:359 - Loaded plugin lpbam (category:base,tabindex:0)
2025-03-21 16:54:08,432 [INFO] PluginManage:310 - Check plugin memorymap
2025-03-21 16:54:08,450 [INFO] PluginManage:359 - Loaded plugin memorymap (category:base,tabindex:4)
2025-03-21 16:54:08,450 [INFO] PluginManage:310 - Check plugin pinoutandconfiguration
2025-03-21 16:54:08,460 [INFO] PluginManage:359 - Loaded plugin pinoutandconfiguration (category:base,tabindex:1)
2025-03-21 16:54:08,460 [INFO] PluginManage:310 - Check plugin pinoutconfig
2025-03-21 16:54:08,581 [WARN] SupportedApi:132 - Cannot load RTOS API schema: s4s-elt-must-match.1: The content of 'definitions' must match (annotation?, (simpleType | complexType)?, (unique | key | keyref)*)). A problem was found starting at: attribute.
2025-03-21 16:54:08,750 [INFO] PluginManage:359 - Loaded plugin pinoutconfig (category:base,tabindex:0)
2025-03-21 16:54:08,750 [INFO] PluginManage:310 - Check plugin power
2025-03-21 16:54:08,771 [INFO] PluginManage:359 - Loaded plugin power (category:power,tabindex:4)
2025-03-21 16:54:08,771 [INFO] PluginManage:310 - Check plugin projectmanager
2025-03-21 16:54:08,789 [INFO] PluginManage:359 - Loaded plugin projectmanager (category:projectmanager,tabindex:4)
2025-03-21 16:54:08,789 [INFO] PluginManage:310 - Check plugin rif
2025-03-21 16:54:08,801 [INFO] PluginManage:359 - Loaded plugin rif (category:base,tabindex:3)
2025-03-21 16:54:08,801 [INFO] PluginManage:310 - Check plugin thirdparty
2025-03-21 16:54:08,970 [WARN] IntegrityCheckThread:84 - waiting for thirdparty lock release [integrity check]
2025-03-21 16:54:08,971 [INFO] IntegrityCheckThread:86 - entering critical section [integrity check]
2025-03-21 16:54:08,971 [INFO] ThirdPartyUpdaterWithRetryManager:70 - Updater plugin not ready yet. [1/15]
2025-03-21 16:54:08,971 [INFO] PluginManage:359 - Loaded plugin thirdparty (category:base,tabindex:-1)
2025-03-21 16:54:08,971 [INFO] PluginManage:310 - Check plugin tools
2025-03-21 16:54:08,977 [INFO] PluginManage:359 - Loaded plugin tools (category:base,tabindex:7)
2025-03-21 16:54:08,977 [INFO] PluginManage:310 - Check plugin tutovideos
2025-03-21 16:54:09,166 [INFO] PluginManage:359 - Loaded plugin tutovideos (category:base,tabindex:-1)
2025-03-21 16:54:09,166 [INFO] PluginManage:310 - Check plugin updater
2025-03-21 16:54:09,203 [INFO] PluginManage:359 - Loaded plugin updater (category:base,tabindex:12)
2025-03-21 16:54:09,203 [INFO] PluginManage:310 - Check plugin userauth
2025-03-21 16:54:09,209 [INFO] UserAuth:118 - Init User Auth plugin
2025-03-21 16:54:09,211 [INFO] PluginManage:359 - Loaded plugin userauth (category:base,tabindex:14)
2025-03-21 16:54:09,211 [INFO] PluginManage:283 - PluginManage : Loaded plugins [18]
2025-03-21 16:54:09,450 [INFO] PinOutPanel:1589 - setPackage(No Configuration,No Configuration)
2025-03-21 16:54:09,557 [INFO] CADModel:165 - CPN selected for project level
2025-03-21 16:54:09,557 [INFO] CADModel:114 - Register for checkConnection events
2025-03-21 16:54:09,583 [INFO] IPUIPlugin:80 - create IPUIPlugin
2025-03-21 16:54:09,584 [INFO] PluginManager:220 - loadIPPluginJar : add adc
2025-03-21 16:54:09,587 [INFO] IPUIPlugin:80 - create IPUIPlugin
2025-03-21 16:54:09,587 [INFO] PluginManager:220 - loadIPPluginJar : add aes
2025-03-21 16:54:09,591 [INFO] IPUIPlugin:80 - create IPUIPlugin
2025-03-21 16:54:09,591 [INFO] PluginManager:220 - loadIPPluginJar : add can
2025-03-21 16:54:09,593 [INFO] IPUIPlugin:80 - create IPUIPlugin
2025-03-21 16:54:09,594 [INFO] PluginManager:220 - loadIPPluginJar : add comp
2025-03-21 16:54:09,597 [INFO] IPUIPlugin:80 - create IPUIPlugin
2025-03-21 16:54:09,597 [INFO] PluginManager:220 - loadIPPluginJar : add cryp
2025-03-21 16:54:09,602 [INFO] IPUIPlugin:80 - create IPUIPlugin
2025-03-21 16:54:09,602 [INFO] PluginManager:220 - loadIPPluginJar : add ddr_ctrl_phy
2025-03-21 16:54:09,605 [INFO] IPUIPlugin:80 - create IPUIPlugin
2025-03-21 16:54:09,605 [INFO] PluginManager:220 - loadIPPluginJar : add dfsdm
2025-03-21 16:54:09,611 [INFO] IPUIPlugin:80 - create IPUIPlugin
2025-03-21 16:54:09,612 [INFO] PluginManager:220 - loadIPPluginJar : add dma
2025-03-21 16:54:09,615 [INFO] IPUIPlugin:80 - create IPUIPlugin
2025-03-21 16:54:09,616 [INFO] PluginManager:220 - loadIPPluginJar : add dma3
2025-03-21 16:54:09,619 [INFO] IPUIPlugin:80 - create IPUIPlugin
2025-03-21 16:54:09,619 [INFO] PluginManager:220 - loadIPPluginJar : add extmemmanager
2025-03-21 16:54:09,620 [INFO] IPUIPlugin:80 - create IPUIPlugin
2025-03-21 16:54:09,620 [INFO] PluginManager:220 - loadIPPluginJar : add fatfs
2025-03-21 16:54:09,626 [INFO] IPUIPlugin:80 - create IPUIPlugin
2025-03-21 16:54:09,626 [INFO] PluginManager:220 - loadIPPluginJar : add fmc
2025-03-21 16:54:09,635 [INFO] IPUIPlugin:80 - create IPUIPlugin
2025-03-21 16:54:09,635 [INFO] PluginManager:220 - loadIPPluginJar : add freertos
2025-03-21 16:54:09,636 [INFO] IPUIPlugin:80 - create IPUIPlugin
2025-03-21 16:54:09,636 [INFO] PluginManager:220 - loadIPPluginJar : add genericplugin
2025-03-21 16:54:09,641 [INFO] IPUIPlugin:80 - create IPUIPlugin
2025-03-21 16:54:09,641 [INFO] PluginManager:220 - loadIPPluginJar : add gfxmmu
2025-03-21 16:54:09,646 [INFO] IPUIPlugin:80 - create IPUIPlugin
2025-03-21 16:54:09,646 [INFO] PluginManager:220 - loadIPPluginJar : add gic
2025-03-21 16:54:09,652 [INFO] IPUIPlugin:80 - create IPUIPlugin
2025-03-21 16:54:09,652 [INFO] PluginManager:220 - loadIPPluginJar : add gpio
2025-03-21 16:54:09,656 [INFO] IPUIPlugin:80 - create IPUIPlugin
2025-03-21 16:54:09,657 [INFO] PluginManager:220 - loadIPPluginJar : add gtzc
2025-03-21 16:54:09,659 [INFO] IPUIPlugin:80 - create IPUIPlugin
2025-03-21 16:54:09,659 [INFO] PluginManager:220 - loadIPPluginJar : add hash
2025-03-21 16:54:09,664 [INFO] IPUIPlugin:80 - create IPUIPlugin
2025-03-21 16:54:09,664 [INFO] PluginManager:220 - loadIPPluginJar : add i2c
2025-03-21 16:54:09,668 [INFO] IPUIPlugin:80 - create IPUIPlugin
2025-03-21 16:54:09,668 [INFO] PluginManager:220 - loadIPPluginJar : add i2s
2025-03-21 16:54:09,672 [INFO] IPUIPlugin:80 - create IPUIPlugin
2025-03-21 16:54:09,672 [INFO] PluginManager:220 - loadIPPluginJar : add i3c
2025-03-21 16:54:09,677 [INFO] IPUIPlugin:80 - create IPUIPlugin
2025-03-21 16:54:09,677 [INFO] PluginManager:220 - loadIPPluginJar : add ipddr
2025-03-21 16:54:09,687 [INFO] IPUIPlugin:80 - create IPUIPlugin
2025-03-21 16:54:09,687 [INFO] PluginManager:220 - loadIPPluginJar : add linkedlist
2025-03-21 16:54:09,691 [INFO] IPUIPlugin:80 - create IPUIPlugin
2025-03-21 16:54:09,691 [INFO] PluginManager:220 - loadIPPluginJar : add lorawan
2025-03-21 16:54:09,693 [INFO] IPUIPlugin:80 - create IPUIPlugin
2025-03-21 16:54:09,693 [INFO] PluginManager:220 - loadIPPluginJar : add ltdc
2025-03-21 16:54:09,700 [INFO] IPUIPlugin:80 - create IPUIPlugin
2025-03-21 16:54:09,701 [INFO] PluginManager:220 - loadIPPluginJar : add mdma
2025-03-21 16:54:09,706 [INFO] IPUIPlugin:80 - create IPUIPlugin
2025-03-21 16:54:09,706 [INFO] PluginManager:220 - loadIPPluginJar : add nvic
2025-03-21 16:54:09,711 [INFO] IPUIPlugin:80 - create IPUIPlugin
2025-03-21 16:54:09,711 [INFO] PluginManager:220 - loadIPPluginJar : add opamp
2025-03-21 16:54:09,716 [INFO] IPUIPlugin:80 - create IPUIPlugin
2025-03-21 16:54:09,716 [INFO] PluginManager:220 - loadIPPluginJar : add openamp
2025-03-21 16:54:09,719 [INFO] IPUIPlugin:80 - create IPUIPlugin
2025-03-21 16:54:09,719 [INFO] PluginManager:220 - loadIPPluginJar : add pdm2pcm
2025-03-21 16:54:09,727 [INFO] IPUIPlugin:80 - create IPUIPlugin
2025-03-21 16:54:09,729 [INFO] PluginManager:220 - loadIPPluginJar : add plateformsettings
2025-03-21 16:54:09,731 [INFO] IPUIPlugin:80 - create IPUIPlugin
2025-03-21 16:54:09,731 [INFO] PluginManager:220 - loadIPPluginJar : add quadspi
2025-03-21 16:54:09,733 [INFO] IPUIPlugin:80 - create IPUIPlugin
2025-03-21 16:54:09,735 [INFO] PluginManager:220 - loadIPPluginJar : add radio
2025-03-21 16:54:09,740 [INFO] IPUIPlugin:80 - create IPUIPlugin
2025-03-21 16:54:09,741 [INFO] PluginManager:220 - loadIPPluginJar : add resmgrutility
2025-03-21 16:54:09,744 [INFO] IPUIPlugin:80 - create IPUIPlugin
2025-03-21 16:54:09,744 [INFO] PluginManager:220 - loadIPPluginJar : add sai
2025-03-21 16:54:09,748 [INFO] IPUIPlugin:80 - create IPUIPlugin
2025-03-21 16:54:09,748 [INFO] PluginManager:220 - loadIPPluginJar : add spi
2025-03-21 16:54:09,755 [INFO] IPUIPlugin:80 - create IPUIPlugin
2025-03-21 16:54:09,755 [INFO] PluginManager:220 - loadIPPluginJar : add stm32_wpan
2025-03-21 16:54:09,757 [INFO] IPUIPlugin:80 - create IPUIPlugin
2025-03-21 16:54:09,758 [INFO] PluginManager:220 - loadIPPluginJar : add tim
2025-03-21 16:54:09,761 [INFO] IPUIPlugin:80 - create IPUIPlugin
2025-03-21 16:54:09,761 [INFO] PluginManager:220 - loadIPPluginJar : add touchsensing
2025-03-21 16:54:09,765 [INFO] IPUIPlugin:80 - create IPUIPlugin
2025-03-21 16:54:09,766 [INFO] PluginManager:220 - loadIPPluginJar : add tracer_emb
2025-03-21 16:54:09,769 [INFO] IPUIPlugin:80 - create IPUIPlugin
2025-03-21 16:54:09,769 [INFO] PluginManager:220 - loadIPPluginJar : add ts
2025-03-21 16:54:09,773 [INFO] IPUIPlugin:80 - create IPUIPlugin
2025-03-21 16:54:09,773 [INFO] PluginManager:220 - loadIPPluginJar : add tsc
2025-03-21 16:54:09,775 [INFO] IPUIPlugin:80 - create IPUIPlugin
2025-03-21 16:54:09,776 [INFO] PluginManager:220 - loadIPPluginJar : add ucpd
2025-03-21 16:54:09,779 [INFO] IPUIPlugin:80 - create IPUIPlugin
2025-03-21 16:54:09,779 [INFO] PluginManager:220 - loadIPPluginJar : add usart
2025-03-21 16:54:09,784 [INFO] IPUIPlugin:80 - create IPUIPlugin
2025-03-21 16:54:09,784 [INFO] PluginManager:220 - loadIPPluginJar : add usbx
2025-03-21 16:54:09,928 [FATAL] Updater:351 - Updater called before beeing initialized
2025-03-21 16:54:09,969 [INFO] RulesReader:64 - Compatibility file has been processed (301 Rules)
2025-03-21 16:54:09,986 [INFO] RulesReader:64 - Compatibility file has been processed (301 Rules)
2025-03-21 16:54:09,999 [INFO] CADModel:165 - CPN selected for project level
2025-03-21 16:54:10,000 [INFO] CADModel:114 - Register for checkConnection events
2025-03-21 16:54:10,000 [FATAL] Updater:351 - Updater called before beeing initialized
2025-03-21 16:54:10,000 [ERROR] CADModel:125 - Updater not yet initialized, retry later 
2025-03-21 16:54:10,180 [FATAL] Updater:351 - Updater called before beeing initialized
2025-03-21 16:54:10,183 [INFO] CADModel:165 - CPN selected for project level
2025-03-21 16:54:10,183 [INFO] CADModel:114 - Register for checkConnection events
2025-03-21 16:54:10,183 [FATAL] Updater:351 - Updater called before beeing initialized
2025-03-21 16:54:10,183 [ERROR] CADModel:125 - Updater not yet initialized, retry later 
2025-03-21 16:54:10,186 [FATAL] Updater:351 - Updater called before beeing initialized
2025-03-21 16:54:10,329 [FATAL] Updater:351 - Updater called before beeing initialized
2025-03-21 16:54:10,334 [INFO] DbMcusAds:53 - JSON generation date=Thu Mar 06 15:54:21 CET 2025 (1741272861825)
2025-03-21 16:54:10,334 [FATAL] Updater:351 - Updater called before beeing initialized
2025-03-21 16:54:10,378 [WARN] DetailPanel:346 - Failed to get advertising image, set to default
2025-03-21 16:54:10,624 [FATAL] Updater:351 - Updater called before beeing initialized
2025-03-21 16:54:10,625 [FATAL] Updater:351 - Updater called before beeing initialized
2025-03-21 16:54:10,625 [FATAL] Updater:351 - Updater called before beeing initialized
2025-03-21 16:54:10,625 [WARN] DetailPanel:346 - Failed to get advertising image, set to default
2025-03-21 16:54:10,626 [FATAL] Updater:351 - Updater called before beeing initialized
2025-03-21 16:54:10,694 [ERROR] Updater:1198 - MainUpdater not yet initialized. External WinMGr cannot be set.
2025-03-21 16:54:10,700 [INFO] Updater:1134 - Updater Version found : 6.14.0
2025-03-21 16:54:10,724 [INFO] ApplicationProperties:184 - Using Application install path: C:\ST\STM32CubeIDE_1.18.0\STM32CubeIDE\plugins\com.st.stm32cube.common.mx_6.14.0.202502271554
2025-03-21 16:54:11,973 [INFO] ThirdPartyUpdaterWithRetryManager:70 - Updater plugin not ready yet. [2/15]
2025-03-21 16:54:12,306 [ERROR] LogOutputStream:75 - [STDERR_REDIRECT] Mar 21, 2025 4:54:12 PM java.util.prefs.WindowsPreferences <init>
2025-03-21 16:54:12,308 [ERROR] LogOutputStream:75 - [STDERR_REDIRECT] WARNING: Could not open/create prefs root node Software\JavaSoft\Prefs at root 0xffffffff80000002. Windows RegCreateKeyEx(...) returned error code 5.
2025-03-21 16:54:12,308 [ERROR] LogOutputStream:75 - [STDERR_REDIRECT] 
2025-03-21 16:54:12,770 [INFO] MainUpdater:2872 - connection check result : 10
2025-03-21 16:54:12,772 [INFO] MainUpdater:289 - Updater Check For Update Now.
2025-03-21 16:54:12,772 [INFO] MicroXplorer:498 - Change Database Version : DB.6.0.140
2025-03-21 16:54:12,782 [INFO] McuFinderGlobals:63 - Set McuFinder mode to 2 (CubeIDE integrated)
2025-03-21 16:54:12,783 [INFO] UserAuth:486 - Internet connection configuration mode: 1
2025-03-21 16:54:12,821 [INFO] JxBrowserEngine:152 - Initiate JxBrowser Engine with user profile folder
2025-03-21 16:54:12,996 [INFO] CheckServerUpdateThread:120 - End of CheckServer Thread
2025-03-21 16:54:15,435 [WARN] PackLoader:240 - Cannot read IP mode file for STMicroelectronics.FP-SNS-MOTENVWB1.1.4.0
2025-03-21 16:54:15,454 [WARN] PackLoader:240 - Cannot read IP mode file for STMicroelectronics.FP-ATR-ASTRA1.2.0.2
2025-03-21 16:54:15,472 [WARN] PackLoader:240 - Cannot read IP mode file for STMicroelectronics.X-CUBE-SMBUS.2.1.0
2025-03-21 16:54:15,487 [WARN] PackLoader:240 - Cannot read IP mode file for STMicroelectronics.X-CUBE-WB05N.1.1.0
2025-03-21 16:54:15,525 [WARN] PackLoader:240 - Cannot read IP mode file for STMicroelectronics.X-CUBE-AZRTOS-F7.1.1.0
2025-03-21 16:54:15,559 [WARN] PackLoader:240 - Cannot read IP mode file for Infineon.AIROC-Wi-Fi-Bluetooth-STM32.1.7.0
2025-03-21 16:54:15,577 [WARN] PackLoader:240 - Cannot read IP mode file for STMicroelectronics.X-CUBE-DISPLAY.3.0.0
2025-03-21 16:54:15,591 [WARN] PackLoader:240 - Cannot read IP mode file for STMicroelectronics.X-CUBE-NFC10.1.0.0
2025-03-21 16:54:15,609 [WARN] PackLoader:240 - Cannot read IP mode file for STMicroelectronics.X-CUBE-BLEMGR.4.0.0
2025-03-21 16:54:15,619 [WARN] PackLoader:240 - Cannot read IP mode file for emotas.I-CUBE-CANOPEN.1.3.0
2025-03-21 16:54:15,623 [WARN] ConditionMgr:438 - getConditionDescription Invalid condition id : Cortex-A Device cause : null
2025-03-21 16:54:15,637 [WARN] ConditionMgr:1044 - genDependencies : Invalid condition id : Cortex-A Device cause : null
2025-03-21 16:54:15,637 [WARN] ConditionMgr:1044 - genDependencies : Invalid condition id : Cortex-A Device cause : null
2025-03-21 16:54:15,638 [WARN] ConditionMgr:1044 - genDependencies : Invalid condition id : Cortex-A Device cause : null
2025-03-21 16:54:15,643 [WARN] PackLoader:240 - Cannot read IP mode file for STMicroelectronics.X-CUBE-AI.10.0.0
2025-03-21 16:54:15,649 [WARN] PackLoader:240 - Cannot read IP mode file for STMicroelectronics.FP-SNS-SMARTAG2.1.2.0
2025-03-21 16:54:15,655 [WARN] PackLoader:240 - Cannot read IP mode file for STMicroelectronics.FP-SNS-FLIGHT1.5.1.0
2025-03-21 16:54:15,705 [WARN] PackLoader:240 - Cannot read IP mode file for STMicroelectronics.X-CUBE-MEMS1.11.1.0
2025-03-21 16:54:15,896 [INFO] WebApp:169 - Instantiating new browser for Auth
2025-03-21 16:54:16,002 [INFO] LogOutputStream:77 - [STDOUT_REDIRECT] 1 : Invalid condition id : UX_CORESTACK_Condition cause : null
2025-03-21 16:54:16,003 [INFO] LogOutputStream:77 - [STDOUT_REDIRECT] 1 : Invalid condition id : UX_CORESTACK_Condition cause : null
2025-03-21 16:54:16,004 [INFO] LogOutputStream:77 - [STDOUT_REDIRECT] 1 : Invalid condition id : UX_CORESTACK_Condition cause : null
2025-03-21 16:54:16,006 [INFO] LogOutputStream:77 - [STDOUT_REDIRECT] 1 : Invalid condition id : UX_CORESTACK_Condition cause : null
2025-03-21 16:54:16,008 [INFO] LogOutputStream:77 - [STDOUT_REDIRECT] 1 : Invalid condition id : UX_CORESTACK_Condition cause : null
2025-03-21 16:54:16,012 [WARN] PackLoader:240 - Cannot read IP mode file for STMicroelectronics.X-CUBE-AZRTOS-WL.2.0.0
2025-03-21 16:54:16,019 [WARN] PackLoader:240 - Cannot read IP mode file for STMicroelectronics.FP-SNS-MOTENV1.5.0.0
2025-03-21 16:54:16,032 [WARN] PackLoader:240 - Cannot read IP mode file for WES.I-CUBE-Cesium.1.3.0
2025-03-21 16:54:16,036 [WARN] PackLoader:240 - Cannot read IP mode file for STMicroelectronics.X-CUBE-BLE2.3.3.0
2025-03-21 16:54:16,043 [WARN] PackLoader:240 - Cannot read IP mode file for STMicroelectronics.X-CUBE-NFC9.1.0.0
2025-03-21 16:54:16,049 [WARN] PackLoader:240 - Cannot read IP mode file for STMicroelectronics.X-CUBE-BLE1.7.1.0
2025-03-21 16:54:16,053 [WARN] PackLoader:240 - Cannot read IP mode file for wolfSSL.I-CUBE-wolfMQTT.1.19.2
2025-03-21 16:54:16,068 [WARN] PackLoader:240 - Cannot read IP mode file for STMicroelectronics.X-CUBE-AZRTOS-G0.1.1.0
2025-03-21 16:54:16,079 [WARN] PackLoader:240 - Cannot read IP mode file for STMicroelectronics.X-CUBE-SAFEA1.1.2.2
2025-03-21 16:54:16,085 [WARN] PackLoader:240 - Cannot read IP mode file for STMicroelectronics.X-CUBE-NFC4.3.0.0
2025-03-21 16:54:16,098 [WARN] PackLoader:240 - Cannot read IP mode file for EmbeddedOffice.I-CUBE-FS-RTOS.1.0.1
2025-03-21 16:54:16,102 [WARN] PackLoader:240 - Cannot read IP mode file for wolfSSL.I-CUBE-wolfTPM.3.8.0
2025-03-21 16:54:16,108 [WARN] PackLoader:240 - Cannot read IP mode file for STMicroelectronics.X-CUBE-TCPP.4.2.0
2025-03-21 16:54:16,114 [WARN] PackLoader:240 - Cannot read IP mode file for RealThread.X-CUBE-RT-Thread_Nano.4.1.1
2025-03-21 16:54:16,119 [WARN] PackLoader:240 - Cannot read IP mode file for STMicroelectronics.FP-ATR-SIGFOX1.3.2.0
2025-03-21 16:54:16,124 [WARN] PackLoader:240 - Cannot read IP mode file for STMicroelectronics.X-CUBE-EEPRMA1.5.1.0
2025-03-21 16:54:16,130 [WARN] PackLoader:240 - Cannot read IP mode file for wolfSSL.I-CUBE-wolfSSL.5.7.6
2025-03-21 16:54:16,136 [WARN] PackLoader:240 - Cannot read IP mode file for ITTIA_DB.I-CUBE-ITTIADB.8.9.0
2025-03-21 16:54:16,165 [WARN] PackLoader:240 - Cannot read IP mode file for SEGGER.I-CUBE-embOS.1.3.1
2025-03-21 16:54:16,212 [WARN] PackLoader:240 - Cannot read IP mode file for STMicroelectronics.X-CUBE-ALGOBUILD.1.4.0
2025-03-21 16:54:16,227 [WARN] PackLoader:240 - Cannot read IP mode file for STMicroelectronics.X-CUBE-AZRTOS-F4.1.1.0
2025-03-21 16:54:16,234 [WARN] PackLoader:240 - Cannot read IP mode file for STMicroelectronics.X-CUBE-ISPU.2.1.0
2025-03-21 16:54:16,250 [WARN] PackLoader:240 - Cannot read IP mode file for STMicroelectronics.X-CUBE-AZRTOS-L5.2.0.0
2025-03-21 16:54:16,257 [WARN] PackLoader:240 - Cannot read IP mode file for STMicroelectronics.X-CUBE-NFC6.3.1.0
2025-03-21 16:54:16,263 [WARN] PackLoader:240 - Cannot read IP mode file for STMicroelectronics.X-CUBE-DPower.1.2.0
2025-03-21 16:54:16,268 [WARN] PackLoader:240 - Cannot read IP mode file for STMicroelectronics.X-CUBE-FREERTOS.1.3.0
2025-03-21 16:54:16,272 [WARN] PackLoader:240 - Cannot read IP mode file for STMicroelectronics.X-CUBE-NFC7.1.0.1
2025-03-21 16:54:16,288 [WARN] ConditionMgr:438 - getConditionDescription Invalid condition id : LAN8742 Phy interface Condition cause : null
2025-03-21 16:54:16,290 [WARN] PackLoader:240 - Cannot read IP mode file for STMicroelectronics.X-CUBE-AZRTOS-L4.2.0.0
2025-03-21 16:54:16,291 [WARN] ConditionMgr:1044 - genDependencies : Invalid condition id : LAN8742 Phy interface Condition cause : null
2025-03-21 16:54:16,291 [WARN] ConditionMgr:1044 - genDependencies : Invalid condition id : LAN8742 Phy interface Condition cause : null
2025-03-21 16:54:16,291 [WARN] ConditionMgr:1044 - genDependencies : Invalid condition id : LAN8742 Phy interface Condition cause : null
2025-03-21 16:54:16,300 [WARN] PackLoader:240 - Cannot read IP mode file for STMicroelectronics.X-CUBE-SFXS2LP1.4.0.0
2025-03-21 16:54:16,328 [WARN] PackLoader:240 - Cannot read IP mode file for STMicroelectronics.X-CUBE-AZRTOS-H7.3.3.0
2025-03-21 16:54:16,344 [WARN] ConditionMgr:438 - getConditionDescription Invalid condition id : UX DEVICE CLASS RTOS Condition cause : null
2025-03-21 16:54:16,345 [WARN] ConditionMgr:438 - getConditionDescription Invalid condition id : UX DEVICE CLASS RTOS Condition cause : null
2025-03-21 16:54:16,347 [WARN] PackLoader:240 - Cannot read IP mode file for STMicroelectronics.X-CUBE-AZRTOS-WB.2.0.0
2025-03-21 16:54:16,347 [WARN] ConditionMgr:1044 - genDependencies : Invalid condition id : UX DEVICE CLASS RTOS Condition cause : null
2025-03-21 16:54:16,347 [WARN] ConditionMgr:1044 - genDependencies : Invalid condition id : UX DEVICE CLASS RTOS Condition cause : null
2025-03-21 16:54:16,347 [WARN] ConditionMgr:1044 - genDependencies : Invalid condition id : UX DEVICE CLASS RTOS Condition cause : null
2025-03-21 16:54:16,347 [WARN] ConditionMgr:1044 - genDependencies : Invalid condition id : UX DEVICE CLASS RTOS Condition cause : null
2025-03-21 16:54:16,347 [WARN] ConditionMgr:1044 - genDependencies : Invalid condition id : UX DEVICE CLASS RTOS Condition cause : null
2025-03-21 16:54:16,354 [WARN] PackLoader:240 - Cannot read IP mode file for STMicroelectronics.X-CUBE-GNSS1.7.0.1
2025-03-21 16:54:16,361 [WARN] PackLoader:240 - Cannot read IP mode file for STMicroelectronics.X-CUBE-TOUCHGFX.4.25.0
2025-03-21 16:54:16,368 [WARN] PackLoader:240 - Cannot read IP mode file for STMicroelectronics.FP-SNS-STBOX1.2.0.0
2025-03-21 16:54:16,383 [WARN] PackLoader:240 - Cannot read IP mode file for STMicroelectronics.X-CUBE-SUBG2.5.0.0
2025-03-21 16:54:16,403 [WARN] PackLoader:240 - Cannot read IP mode file for STMicroelectronics.X-CUBE-AZRTOS-H7RS.1.1.0
2025-03-21 16:54:16,409 [WARN] PackLoader:240 - Cannot read IP mode file for Cesanta.I-CUBE-Mongoose.7.13.0
2025-03-21 16:54:16,423 [WARN] PackLoader:240 - Cannot read IP mode file for STMicroelectronics.X-CUBE-AZRTOS-G4.2.0.0
2025-03-21 16:54:16,430 [WARN] PackLoader:240 - Cannot read IP mode file for wolfSSL.I-CUBE-wolfSSH.1.4.20
2025-03-21 16:54:16,442 [WARN] PackLoader:240 - Cannot read IP mode file for STMicroelectronics.X-CUBE-IPS.3.1.0
2025-03-21 16:54:16,450 [WARN] PackLoader:240 - Cannot read IP mode file for STMicroelectronics.X-CUBE-ALS.1.0.2
2025-03-21 16:54:16,456 [WARN] PackLoader:240 - Cannot read IP mode file for portGmbH.I-Cube-SoM-uGOAL.1.1.0
2025-03-21 16:54:16,468 [WARN] PackLoader:240 - Cannot read IP mode file for STMicroelectronics.X-CUBE-AZRTOS-H7RS.1.0.0
2025-03-21 16:54:16,477 [WARN] PackLoader:240 - Cannot read IP mode file for STMicroelectronics.X-CUBE-TOF1.3.4.2
2025-03-21 16:54:16,483 [INFO] ThirdParty:978 - Integrity check success = true
2025-03-21 16:54:16,483 [INFO] IntegrityCheckThread:100 - exiting critical section [integrity check]
2025-03-21 16:54:16,484 [INFO] IntegrityCheckThread:103 - End integrity checks thread
2025-03-21 16:54:17,080 [INFO] WebApp:463 - Apply proxy settings
2025-03-21 16:54:17,081 [INFO] WebApp:548 - Chromium requires no authentication
2025-03-21 16:54:17,089 [INFO] WebApp:491 - Direct internet connection detected
2025-03-21 16:54:17,111 [INFO] WebApp:894 - Register for checkConnection events
2025-03-21 16:54:17,111 [INFO] WebApp:463 - Apply proxy settings
2025-03-21 16:54:17,111 [INFO] WebApp:548 - Chromium requires no authentication
2025-03-21 16:54:17,112 [INFO] WebApp:491 - Direct internet connection detected
2025-03-21 16:54:17,295 [INFO] WebApp:191 - Connection restablished
2025-03-21 16:54:17,311 [INFO] WebApp:225 - Starting web application
2025-03-21 16:54:17,312 [INFO] WebApp:593 - Web application path used C:\ST\STM32CubeIDE_1.18.0\STM32CubeIDE\plugins\com.st.stm32cube.common.mx_6.14.0.202502271554\db\plugins\mcufinder\reactClient1\index.html
2025-03-21 16:54:17,481 [INFO] UserAuth:486 - Internet connection configuration mode: 1
2025-03-21 19:07:49,471 [INFO] WebApp:403 - JxBrowser engine has been closed 
2025-03-21 19:09:10,560 [ERROR] LogOutputStream:75 - [STDERR_REDIRECT] 
