2025-03-26 14:46:15,806 [INFO] Activator:176 - 


2025-03-26 14:46:15,811 [INFO] Activator:177 - !SESSION log4j initialized
2025-03-26 14:46:21,880 [INFO] LogOutputStream:77 - [STDOUT_REDIRECT] 
2025-03-26 14:46:23,033 [INFO] ApplicationProperties:184 - Using Application install path: C:\ST\STM32CubeIDE_1.18.0\STM32CubeIDE\plugins\com.st.stm32cube.common.mx_6.14.0.202502271554
2025-03-26 14:46:23,051 [INFO] DbMcusXml:78 - Set database path to: C:\ST\STM32CubeIDE_1.18.0\STM32CubeIDE\plugins\com.st.stm32cube.common.mx_6.14.0.202502271554\\db\/mcu/
2025-03-26 14:46:23,051 [INFO] ApiDb:274 - Set plugin database path to: C:\ST\STM32CubeIDE_1.18.0\STM32CubeIDE\plugins\com.st.stm32cube.common.mx_6.14.0.202502271554\\db\/plugins/boardmanager/
2025-03-26 14:46:23,052 [WARN] ApiDb:259 - Overriding images path with different value:  => C:\ST\STM32CubeIDE_1.18.0\STM32CubeIDE\plugins\com.st.stm32cube.common.mx_6.14.0.202502271554\\db\/plugins/mcufinder/images/
2025-03-26 14:46:23,060 [INFO] ApiDb:250 - Set database path to: C:\Users\Damian\.stmcufinder\plugins\mcufinder//mcu/
2025-03-26 14:46:23,061 [INFO] DbMcusAds:125 - Set database path to: C:\Users\Damian\.stmcufinder\plugins\mcufinder//mcu/
2025-03-26 14:46:23,063 [INFO] CrossReferenceDbSqlite:203 - Set database path to: C:\Users\Damian\.stmcufinder\plugins\mcufinder//mcu/cs/
2025-03-26 14:46:23,174 [INFO] RulesReader:64 - Compatibility file has been processed (301 Rules)
2025-03-26 14:46:23,271 [INFO] DbMcusXml:78 - Set database path to: C:\ST\STM32CubeIDE_1.18.0\STM32CubeIDE\plugins\com.st.stm32cube.common.mx_6.14.0.202502271554\\db\/mcu/
2025-03-26 14:46:23,271 [INFO] ApiDb:274 - Set plugin database path to: C:\ST\STM32CubeIDE_1.18.0\STM32CubeIDE\plugins\com.st.stm32cube.common.mx_6.14.0.202502271554\\db\/plugins/boardmanager/
2025-03-26 14:46:23,272 [INFO] ApiDb:261 - Set plugin images path to: C:\ST\STM32CubeIDE_1.18.0\STM32CubeIDE\plugins\com.st.stm32cube.common.mx_6.14.0.202502271554\\db\/plugins/mcufinder/images/
2025-03-26 14:46:23,272 [WARN] DbFile:41 - Overriding database path with different value: C:\Users\Damian\.stmcufinder\plugins\mcufinder/ => C:\Users\Damian\.stmcufinder\plugins\mcufinder
2025-03-26 14:46:23,272 [INFO] ApiDb:250 - Set database path to: C:\Users\Damian\.stmcufinder\plugins\mcufinder//mcu/
2025-03-26 14:46:23,272 [WARN] DbFile:41 - Overriding database path with different value: C:\Users\Damian\.stmcufinder\plugins\mcufinder/ => C:\Users\Damian\.stmcufinder\plugins\mcufinder
2025-03-26 14:46:23,272 [INFO] DbMcusAds:125 - Set database path to: C:\Users\Damian\.stmcufinder\plugins\mcufinder//mcu/
2025-03-26 14:46:23,272 [WARN] DbFile:41 - Overriding database path with different value: C:\Users\Damian\.stmcufinder\plugins\mcufinder/ => C:\Users\Damian\.stmcufinder\plugins\mcufinder
2025-03-26 14:46:23,272 [WARN] DbFile:41 - Overriding database path with different value: C:\Users\Damian\.stmcufinder\plugins\mcufinder/ => C:\Users\Damian\.stmcufinder\plugins\mcufinder
2025-03-26 14:46:23,272 [INFO] CrossReferenceDbSqlite:203 - Set database path to: C:\Users\Damian\.stmcufinder\plugins\mcufinder//mcu/cs/
2025-03-26 14:46:23,353 [INFO] MainPanel:272 - HeapMemory: 268435456
2025-03-26 14:46:23,477 [INFO] DbMcusXml:78 - Set database path to: C:\ST\STM32CubeIDE_1.18.0\STM32CubeIDE\plugins\com.st.stm32cube.common.mx_6.14.0.202502271554\\db\/mcu/
2025-03-26 14:46:23,477 [INFO] ApiDb:274 - Set plugin database path to: C:\ST\STM32CubeIDE_1.18.0\STM32CubeIDE\plugins\com.st.stm32cube.common.mx_6.14.0.202502271554\\db\/plugins/boardmanager/
2025-03-26 14:46:23,477 [INFO] ApiDb:261 - Set plugin images path to: C:\ST\STM32CubeIDE_1.18.0\STM32CubeIDE\plugins\com.st.stm32cube.common.mx_6.14.0.202502271554\\db\/plugins/mcufinder/images/
2025-03-26 14:46:23,478 [WARN] DbFile:41 - Overriding database path with different value: C:\Users\Damian\.stmcufinder\plugins\mcufinder/ => C:\Users\Damian\.stmcufinder\plugins\mcufinder
2025-03-26 14:46:23,478 [INFO] ApiDb:250 - Set database path to: C:\Users\Damian\.stmcufinder\plugins\mcufinder//mcu/
2025-03-26 14:46:23,478 [WARN] DbFile:41 - Overriding database path with different value: C:\Users\Damian\.stmcufinder\plugins\mcufinder/ => C:\Users\Damian\.stmcufinder\plugins\mcufinder
2025-03-26 14:46:23,478 [INFO] DbMcusAds:125 - Set database path to: C:\Users\Damian\.stmcufinder\plugins\mcufinder//mcu/
2025-03-26 14:46:23,478 [WARN] DbFile:41 - Overriding database path with different value: C:\Users\Damian\.stmcufinder\plugins\mcufinder/ => C:\Users\Damian\.stmcufinder\plugins\mcufinder
2025-03-26 14:46:23,478 [WARN] DbFile:41 - Overriding database path with different value: C:\Users\Damian\.stmcufinder\plugins\mcufinder/ => C:\Users\Damian\.stmcufinder\plugins\mcufinder
2025-03-26 14:46:23,478 [INFO] CrossReferenceDbSqlite:203 - Set database path to: C:\Users\Damian\.stmcufinder\plugins\mcufinder//mcu/cs/
2025-03-26 14:46:23,498 [INFO] ApplicationProperties:184 - Using Application install path: C:\ST\STM32CubeIDE_1.18.0\STM32CubeIDE\plugins\com.st.stm32cube.common.mx_6.14.0.202502271554
2025-03-26 14:46:23,499 [INFO] PluginManage:196 - Search for loadable plugins [exclusion list=, ]
2025-03-26 14:46:23,501 [INFO] PluginManage:310 - Check plugin analytics
2025-03-26 14:46:23,742 [INFO] AnalyticsPlugin:253 - Accepted Software Licenses: 
2025-03-26 14:46:23,742 [INFO] AnalyticsPlugin:255 - Accepted CMSIS Pack Licenses: 
2025-03-26 14:46:23,742 [INFO] AnalyticsPlugin:257 - Accepted Firmware Licenses: FW.L4.1.18.0
2025-03-26 14:46:23,747 [INFO] PluginManage:359 - Loaded plugin analytics (category:tool,tabindex:-1)
2025-03-26 14:46:23,747 [INFO] PluginManage:310 - Check plugin cadmodel
2025-03-26 14:46:23,754 [INFO] CADModel:105 - Init CAD model plugin
2025-03-26 14:46:23,755 [INFO] PluginManage:359 - Loaded plugin cadmodel (category:power,tabindex:5)
2025-03-26 14:46:23,755 [INFO] PluginManage:310 - Check plugin clock
2025-03-26 14:46:23,768 [INFO] PluginManage:359 - Loaded plugin clock (category:base,tabindex:2)
2025-03-26 14:46:23,768 [INFO] PluginManage:310 - Check plugin ddr
2025-03-26 14:46:23,771 [INFO] PluginManage:359 - Loaded plugin ddr (category:tool,tabindex:6)
2025-03-26 14:46:23,771 [INFO] PluginManage:310 - Check plugin filemanager
2025-03-26 14:46:23,908 [INFO] PluginManage:359 - Loaded plugin filemanager (category:base,tabindex:10)
2025-03-26 14:46:23,908 [INFO] PluginManage:310 - Check plugin ipmanager
2025-03-26 14:46:23,914 [INFO] PluginManage:359 - Loaded plugin ipmanager (category:base,tabindex:5)
2025-03-26 14:46:23,914 [INFO] PluginManage:310 - Check plugin lpbam
2025-03-26 14:46:23,923 [INFO] PluginManage:359 - Loaded plugin lpbam (category:base,tabindex:0)
2025-03-26 14:46:23,923 [INFO] PluginManage:310 - Check plugin memorymap
2025-03-26 14:46:23,937 [INFO] PluginManage:359 - Loaded plugin memorymap (category:base,tabindex:4)
2025-03-26 14:46:23,937 [INFO] PluginManage:310 - Check plugin pinoutandconfiguration
2025-03-26 14:46:23,946 [INFO] PluginManage:359 - Loaded plugin pinoutandconfiguration (category:base,tabindex:1)
2025-03-26 14:46:23,946 [INFO] PluginManage:310 - Check plugin pinoutconfig
2025-03-26 14:46:24,041 [WARN] SupportedApi:132 - Cannot load RTOS API schema: s4s-elt-must-match.1: The content of 'definitions' must match (annotation?, (simpleType | complexType)?, (unique | key | keyref)*)). A problem was found starting at: attribute.
2025-03-26 14:46:24,185 [INFO] PluginManage:359 - Loaded plugin pinoutconfig (category:base,tabindex:0)
2025-03-26 14:46:24,185 [INFO] PluginManage:310 - Check plugin power
2025-03-26 14:46:24,197 [INFO] PluginManage:359 - Loaded plugin power (category:power,tabindex:4)
2025-03-26 14:46:24,197 [INFO] PluginManage:310 - Check plugin projectmanager
2025-03-26 14:46:24,215 [INFO] PluginManage:359 - Loaded plugin projectmanager (category:projectmanager,tabindex:4)
2025-03-26 14:46:24,215 [INFO] PluginManage:310 - Check plugin rif
2025-03-26 14:46:24,225 [INFO] PluginManage:359 - Loaded plugin rif (category:base,tabindex:3)
2025-03-26 14:46:24,225 [INFO] PluginManage:310 - Check plugin thirdparty
2025-03-26 14:46:24,366 [WARN] IntegrityCheckThread:84 - waiting for thirdparty lock release [integrity check]
2025-03-26 14:46:24,366 [INFO] IntegrityCheckThread:86 - entering critical section [integrity check]
2025-03-26 14:46:24,367 [INFO] ThirdPartyUpdaterWithRetryManager:70 - Updater plugin not ready yet. [1/15]
2025-03-26 14:46:24,367 [INFO] PluginManage:359 - Loaded plugin thirdparty (category:base,tabindex:-1)
2025-03-26 14:46:24,367 [INFO] PluginManage:310 - Check plugin tools
2025-03-26 14:46:24,372 [INFO] PluginManage:359 - Loaded plugin tools (category:base,tabindex:7)
2025-03-26 14:46:24,372 [INFO] PluginManage:310 - Check plugin tutovideos
2025-03-26 14:46:24,547 [INFO] PluginManage:359 - Loaded plugin tutovideos (category:base,tabindex:-1)
2025-03-26 14:46:24,547 [INFO] PluginManage:310 - Check plugin updater
2025-03-26 14:46:24,567 [INFO] PluginManage:359 - Loaded plugin updater (category:base,tabindex:12)
2025-03-26 14:46:24,568 [INFO] PluginManage:310 - Check plugin userauth
2025-03-26 14:46:24,572 [INFO] UserAuth:118 - Init User Auth plugin
2025-03-26 14:46:24,573 [INFO] PluginManage:359 - Loaded plugin userauth (category:base,tabindex:14)
2025-03-26 14:46:24,574 [INFO] PluginManage:283 - PluginManage : Loaded plugins [18]
2025-03-26 14:46:24,769 [INFO] PinOutPanel:1589 - setPackage(No Configuration,No Configuration)
2025-03-26 14:46:24,861 [INFO] CADModel:165 - CPN selected for project level
2025-03-26 14:46:24,861 [INFO] CADModel:114 - Register for checkConnection events
2025-03-26 14:46:24,897 [INFO] IPUIPlugin:80 - create IPUIPlugin
2025-03-26 14:46:24,897 [INFO] PluginManager:220 - loadIPPluginJar : add adc
2025-03-26 14:46:24,900 [INFO] IPUIPlugin:80 - create IPUIPlugin
2025-03-26 14:46:24,900 [INFO] PluginManager:220 - loadIPPluginJar : add aes
2025-03-26 14:46:24,903 [INFO] IPUIPlugin:80 - create IPUIPlugin
2025-03-26 14:46:24,903 [INFO] PluginManager:220 - loadIPPluginJar : add can
2025-03-26 14:46:24,905 [INFO] IPUIPlugin:80 - create IPUIPlugin
2025-03-26 14:46:24,905 [INFO] PluginManager:220 - loadIPPluginJar : add comp
2025-03-26 14:46:24,907 [INFO] IPUIPlugin:80 - create IPUIPlugin
2025-03-26 14:46:24,908 [INFO] PluginManager:220 - loadIPPluginJar : add cryp
2025-03-26 14:46:24,912 [INFO] IPUIPlugin:80 - create IPUIPlugin
2025-03-26 14:46:24,912 [INFO] PluginManager:220 - loadIPPluginJar : add ddr_ctrl_phy
2025-03-26 14:46:24,916 [INFO] IPUIPlugin:80 - create IPUIPlugin
2025-03-26 14:46:24,916 [INFO] PluginManager:220 - loadIPPluginJar : add dfsdm
2025-03-26 14:46:24,922 [INFO] IPUIPlugin:80 - create IPUIPlugin
2025-03-26 14:46:24,922 [INFO] PluginManager:220 - loadIPPluginJar : add dma
2025-03-26 14:46:24,925 [INFO] IPUIPlugin:80 - create IPUIPlugin
2025-03-26 14:46:24,926 [INFO] PluginManager:220 - loadIPPluginJar : add dma3
2025-03-26 14:46:24,928 [INFO] IPUIPlugin:80 - create IPUIPlugin
2025-03-26 14:46:24,928 [INFO] PluginManager:220 - loadIPPluginJar : add extmemmanager
2025-03-26 14:46:24,931 [INFO] IPUIPlugin:80 - create IPUIPlugin
2025-03-26 14:46:24,931 [INFO] PluginManager:220 - loadIPPluginJar : add fatfs
2025-03-26 14:46:24,936 [INFO] IPUIPlugin:80 - create IPUIPlugin
2025-03-26 14:46:24,936 [INFO] PluginManager:220 - loadIPPluginJar : add fmc
2025-03-26 14:46:24,949 [INFO] IPUIPlugin:80 - create IPUIPlugin
2025-03-26 14:46:24,949 [INFO] PluginManager:220 - loadIPPluginJar : add freertos
2025-03-26 14:46:24,951 [INFO] IPUIPlugin:80 - create IPUIPlugin
2025-03-26 14:46:24,951 [INFO] PluginManager:220 - loadIPPluginJar : add genericplugin
2025-03-26 14:46:24,954 [INFO] IPUIPlugin:80 - create IPUIPlugin
2025-03-26 14:46:24,954 [INFO] PluginManager:220 - loadIPPluginJar : add gfxmmu
2025-03-26 14:46:24,958 [INFO] IPUIPlugin:80 - create IPUIPlugin
2025-03-26 14:46:24,958 [INFO] PluginManager:220 - loadIPPluginJar : add gic
2025-03-26 14:46:24,963 [INFO] IPUIPlugin:80 - create IPUIPlugin
2025-03-26 14:46:24,963 [INFO] PluginManager:220 - loadIPPluginJar : add gpio
2025-03-26 14:46:24,966 [INFO] IPUIPlugin:80 - create IPUIPlugin
2025-03-26 14:46:24,966 [INFO] PluginManager:220 - loadIPPluginJar : add gtzc
2025-03-26 14:46:24,969 [INFO] IPUIPlugin:80 - create IPUIPlugin
2025-03-26 14:46:24,969 [INFO] PluginManager:220 - loadIPPluginJar : add hash
2025-03-26 14:46:24,974 [INFO] IPUIPlugin:80 - create IPUIPlugin
2025-03-26 14:46:24,974 [INFO] PluginManager:220 - loadIPPluginJar : add i2c
2025-03-26 14:46:24,977 [INFO] IPUIPlugin:80 - create IPUIPlugin
2025-03-26 14:46:24,978 [INFO] PluginManager:220 - loadIPPluginJar : add i2s
2025-03-26 14:46:24,981 [INFO] IPUIPlugin:80 - create IPUIPlugin
2025-03-26 14:46:24,981 [INFO] PluginManager:220 - loadIPPluginJar : add i3c
2025-03-26 14:46:24,985 [INFO] IPUIPlugin:80 - create IPUIPlugin
2025-03-26 14:46:24,985 [INFO] PluginManager:220 - loadIPPluginJar : add ipddr
2025-03-26 14:46:24,994 [INFO] IPUIPlugin:80 - create IPUIPlugin
2025-03-26 14:46:24,994 [INFO] PluginManager:220 - loadIPPluginJar : add linkedlist
2025-03-26 14:46:25,000 [INFO] IPUIPlugin:80 - create IPUIPlugin
2025-03-26 14:46:25,000 [INFO] PluginManager:220 - loadIPPluginJar : add lorawan
2025-03-26 14:46:25,001 [INFO] IPUIPlugin:80 - create IPUIPlugin
2025-03-26 14:46:25,002 [INFO] PluginManager:220 - loadIPPluginJar : add ltdc
2025-03-26 14:46:25,007 [INFO] IPUIPlugin:80 - create IPUIPlugin
2025-03-26 14:46:25,007 [INFO] PluginManager:220 - loadIPPluginJar : add mdma
2025-03-26 14:46:25,013 [INFO] IPUIPlugin:80 - create IPUIPlugin
2025-03-26 14:46:25,013 [INFO] PluginManager:220 - loadIPPluginJar : add nvic
2025-03-26 14:46:25,017 [INFO] IPUIPlugin:80 - create IPUIPlugin
2025-03-26 14:46:25,017 [INFO] PluginManager:220 - loadIPPluginJar : add opamp
2025-03-26 14:46:25,021 [INFO] IPUIPlugin:80 - create IPUIPlugin
2025-03-26 14:46:25,021 [INFO] PluginManager:220 - loadIPPluginJar : add openamp
2025-03-26 14:46:25,025 [INFO] IPUIPlugin:80 - create IPUIPlugin
2025-03-26 14:46:25,025 [INFO] PluginManager:220 - loadIPPluginJar : add pdm2pcm
2025-03-26 14:46:25,032 [INFO] IPUIPlugin:80 - create IPUIPlugin
2025-03-26 14:46:25,034 [INFO] PluginManager:220 - loadIPPluginJar : add plateformsettings
2025-03-26 14:46:25,036 [INFO] IPUIPlugin:80 - create IPUIPlugin
2025-03-26 14:46:25,036 [INFO] PluginManager:220 - loadIPPluginJar : add quadspi
2025-03-26 14:46:25,038 [INFO] IPUIPlugin:80 - create IPUIPlugin
2025-03-26 14:46:25,039 [INFO] PluginManager:220 - loadIPPluginJar : add radio
2025-03-26 14:46:25,044 [INFO] IPUIPlugin:80 - create IPUIPlugin
2025-03-26 14:46:25,045 [INFO] PluginManager:220 - loadIPPluginJar : add resmgrutility
2025-03-26 14:46:25,048 [INFO] IPUIPlugin:80 - create IPUIPlugin
2025-03-26 14:46:25,048 [INFO] PluginManager:220 - loadIPPluginJar : add sai
2025-03-26 14:46:25,051 [INFO] IPUIPlugin:80 - create IPUIPlugin
2025-03-26 14:46:25,051 [INFO] PluginManager:220 - loadIPPluginJar : add spi
2025-03-26 14:46:25,057 [INFO] IPUIPlugin:80 - create IPUIPlugin
2025-03-26 14:46:25,057 [INFO] PluginManager:220 - loadIPPluginJar : add stm32_wpan
2025-03-26 14:46:25,059 [INFO] IPUIPlugin:80 - create IPUIPlugin
2025-03-26 14:46:25,059 [INFO] PluginManager:220 - loadIPPluginJar : add tim
2025-03-26 14:46:25,063 [INFO] IPUIPlugin:80 - create IPUIPlugin
2025-03-26 14:46:25,063 [INFO] PluginManager:220 - loadIPPluginJar : add touchsensing
2025-03-26 14:46:25,066 [INFO] IPUIPlugin:80 - create IPUIPlugin
2025-03-26 14:46:25,066 [INFO] PluginManager:220 - loadIPPluginJar : add tracer_emb
2025-03-26 14:46:25,068 [INFO] IPUIPlugin:80 - create IPUIPlugin
2025-03-26 14:46:25,068 [INFO] PluginManager:220 - loadIPPluginJar : add ts
2025-03-26 14:46:25,070 [INFO] IPUIPlugin:80 - create IPUIPlugin
2025-03-26 14:46:25,070 [INFO] PluginManager:220 - loadIPPluginJar : add tsc
2025-03-26 14:46:25,072 [INFO] IPUIPlugin:80 - create IPUIPlugin
2025-03-26 14:46:25,072 [INFO] PluginManager:220 - loadIPPluginJar : add ucpd
2025-03-26 14:46:25,075 [INFO] IPUIPlugin:80 - create IPUIPlugin
2025-03-26 14:46:25,075 [INFO] PluginManager:220 - loadIPPluginJar : add usart
2025-03-26 14:46:25,079 [INFO] IPUIPlugin:80 - create IPUIPlugin
2025-03-26 14:46:25,079 [INFO] PluginManager:220 - loadIPPluginJar : add usbx
2025-03-26 14:46:25,208 [FATAL] Updater:351 - Updater called before beeing initialized
2025-03-26 14:46:25,308 [INFO] RulesReader:64 - Compatibility file has been processed (301 Rules)
2025-03-26 14:46:25,324 [INFO] RulesReader:64 - Compatibility file has been processed (301 Rules)
2025-03-26 14:46:25,331 [INFO] CADModel:165 - CPN selected for project level
2025-03-26 14:46:25,331 [INFO] CADModel:114 - Register for checkConnection events
2025-03-26 14:46:25,331 [FATAL] Updater:351 - Updater called before beeing initialized
2025-03-26 14:46:25,331 [ERROR] CADModel:125 - Updater not yet initialized, retry later 
2025-03-26 14:46:25,495 [FATAL] Updater:351 - Updater called before beeing initialized
2025-03-26 14:46:25,497 [INFO] CADModel:165 - CPN selected for project level
2025-03-26 14:46:25,497 [INFO] CADModel:114 - Register for checkConnection events
2025-03-26 14:46:25,497 [FATAL] Updater:351 - Updater called before beeing initialized
2025-03-26 14:46:25,497 [ERROR] CADModel:125 - Updater not yet initialized, retry later 
2025-03-26 14:46:25,500 [FATAL] Updater:351 - Updater called before beeing initialized
2025-03-26 14:46:25,611 [FATAL] Updater:351 - Updater called before beeing initialized
2025-03-26 14:46:25,619 [INFO] DbMcusAds:53 - JSON generation date=Thu Mar 06 15:54:21 CET 2025 (1741272861825)
2025-03-26 14:46:25,619 [FATAL] Updater:351 - Updater called before beeing initialized
2025-03-26 14:46:25,659 [WARN] DetailPanel:346 - Failed to get advertising image, set to default
2025-03-26 14:46:25,885 [FATAL] Updater:351 - Updater called before beeing initialized
2025-03-26 14:46:25,886 [FATAL] Updater:351 - Updater called before beeing initialized
2025-03-26 14:46:25,886 [FATAL] Updater:351 - Updater called before beeing initialized
2025-03-26 14:46:25,886 [WARN] DetailPanel:346 - Failed to get advertising image, set to default
2025-03-26 14:46:25,886 [FATAL] Updater:351 - Updater called before beeing initialized
2025-03-26 14:46:25,932 [ERROR] Updater:1198 - MainUpdater not yet initialized. External WinMGr cannot be set.
2025-03-26 14:46:25,935 [INFO] Updater:1134 - Updater Version found : 6.14.0
2025-03-26 14:46:25,953 [INFO] ApplicationProperties:184 - Using Application install path: C:\ST\STM32CubeIDE_1.18.0\STM32CubeIDE\plugins\com.st.stm32cube.common.mx_6.14.0.202502271554
2025-03-26 14:46:27,368 [INFO] ThirdPartyUpdaterWithRetryManager:70 - Updater plugin not ready yet. [2/15]
2025-03-26 14:46:27,524 [ERROR] LogOutputStream:75 - [STDERR_REDIRECT] Mar 26, 2025 2:46:27 PM java.util.prefs.WindowsPreferences <init>
2025-03-26 14:46:27,525 [ERROR] LogOutputStream:75 - [STDERR_REDIRECT] WARNING: Could not open/create prefs root node Software\JavaSoft\Prefs at root 0xffffffff80000002. Windows RegCreateKeyEx(...) returned error code 5.
2025-03-26 14:46:27,525 [ERROR] LogOutputStream:75 - [STDERR_REDIRECT] 
2025-03-26 14:46:27,963 [INFO] MainUpdater:2872 - connection check result : 10
2025-03-26 14:46:27,964 [INFO] MainUpdater:3566 - Updater definition file requires update
2025-03-26 14:46:27,966 [INFO] MainUpdater:289 - Updater Check For Update Now.
2025-03-26 14:46:27,966 [INFO] MicroXplorer:498 - Change Database Version : DB.6.0.140
2025-03-26 14:46:27,976 [INFO] McuFinderGlobals:63 - Set McuFinder mode to 2 (CubeIDE integrated)
2025-03-26 14:46:27,977 [INFO] UserAuth:486 - Internet connection configuration mode: 1
2025-03-26 14:46:28,003 [INFO] JxBrowserEngine:152 - Initiate JxBrowser Engine with user profile folder
2025-03-26 14:46:28,023 [INFO] ServerAccessManage:473 - Download File updaters.zip
2025-03-26 14:46:28,164 [INFO] FileExtend:242 - Unzip File : updaters.zip
2025-03-26 14:46:28,164 [INFO] FileExtend:257 - Standard Zip Deflate
2025-03-26 14:46:28,582 [INFO] ServerAccessManage:473 - Download File PacksControlFlags.xml
2025-03-26 14:46:28,746 [INFO] ServerAccessManage:473 - Download File cubemx.pidx
2025-03-26 14:46:30,368 [WARN] MainUpdater:1193 - Updater busy. Cannot search thirdparties
2025-03-26 14:46:30,369 [INFO] ThirdPartyUpdaterWithRetryManager:96 - Updater plugin is busy. [1/15]
2025-03-26 14:46:30,399 [INFO] LoadServerUpdatesThread:375 - End of LoadServerUpdate Thread
2025-03-26 14:46:30,564 [INFO] CheckServerUpdateThread:120 - End of CheckServer Thread
2025-03-26 14:46:30,942 [INFO] WebApp:169 - Instantiating new browser for Auth
2025-03-26 14:46:31,723 [INFO] WebApp:463 - Apply proxy settings
2025-03-26 14:46:31,723 [INFO] WebApp:548 - Chromium requires no authentication
2025-03-26 14:46:31,738 [INFO] WebApp:491 - Direct internet connection detected
2025-03-26 14:46:31,761 [INFO] WebApp:894 - Register for checkConnection events
2025-03-26 14:46:31,761 [INFO] WebApp:463 - Apply proxy settings
2025-03-26 14:46:31,761 [INFO] WebApp:548 - Chromium requires no authentication
2025-03-26 14:46:31,761 [INFO] WebApp:491 - Direct internet connection detected
2025-03-26 14:46:31,938 [INFO] WebApp:191 - Connection restablished
2025-03-26 14:46:32,003 [INFO] WebApp:225 - Starting web application
2025-03-26 14:46:32,003 [INFO] WebApp:593 - Web application path used C:\ST\STM32CubeIDE_1.18.0\STM32CubeIDE\plugins\com.st.stm32cube.common.mx_6.14.0.202502271554\db\plugins\mcufinder\reactClient1\index.html
2025-03-26 14:46:32,214 [INFO] UserAuth:486 - Internet connection configuration mode: 1
2025-03-26 14:46:33,595 [WARN] PackLoader:240 - Cannot read IP mode file for STMicroelectronics.FP-SNS-MOTENVWB1.1.4.0
2025-03-26 14:46:33,606 [WARN] PackLoader:240 - Cannot read IP mode file for STMicroelectronics.FP-ATR-ASTRA1.2.0.2
2025-03-26 14:46:33,614 [WARN] PackLoader:240 - Cannot read IP mode file for STMicroelectronics.X-CUBE-SMBUS.2.1.0
2025-03-26 14:46:33,626 [WARN] PackLoader:240 - Cannot read IP mode file for STMicroelectronics.X-CUBE-WB05N.1.1.0
2025-03-26 14:46:33,666 [WARN] PackLoader:240 - Cannot read IP mode file for STMicroelectronics.X-CUBE-AZRTOS-F7.1.1.0
2025-03-26 14:46:33,705 [WARN] PackLoader:240 - Cannot read IP mode file for Infineon.AIROC-Wi-Fi-Bluetooth-STM32.1.7.0
2025-03-26 14:46:33,725 [WARN] PackLoader:240 - Cannot read IP mode file for STMicroelectronics.X-CUBE-DISPLAY.3.0.0
2025-03-26 14:46:33,740 [WARN] PackLoader:240 - Cannot read IP mode file for STMicroelectronics.X-CUBE-NFC10.1.0.0
2025-03-26 14:46:33,752 [WARN] PackLoader:240 - Cannot read IP mode file for STMicroelectronics.X-CUBE-BLEMGR.4.0.0
2025-03-26 14:46:33,763 [WARN] PackLoader:240 - Cannot read IP mode file for emotas.I-CUBE-CANOPEN.1.3.0
2025-03-26 14:46:33,768 [WARN] ConditionMgr:438 - getConditionDescription Invalid condition id : Cortex-A Device cause : null
2025-03-26 14:46:33,784 [WARN] ConditionMgr:1044 - genDependencies : Invalid condition id : Cortex-A Device cause : null
2025-03-26 14:46:33,784 [WARN] ConditionMgr:1044 - genDependencies : Invalid condition id : Cortex-A Device cause : null
2025-03-26 14:46:33,784 [WARN] ConditionMgr:1044 - genDependencies : Invalid condition id : Cortex-A Device cause : null
2025-03-26 14:46:33,790 [WARN] PackLoader:240 - Cannot read IP mode file for STMicroelectronics.X-CUBE-AI.10.0.0
2025-03-26 14:46:33,797 [WARN] PackLoader:240 - Cannot read IP mode file for STMicroelectronics.FP-SNS-SMARTAG2.1.2.0
2025-03-26 14:46:33,802 [WARN] PackLoader:240 - Cannot read IP mode file for STMicroelectronics.FP-SNS-FLIGHT1.5.1.0
2025-03-26 14:46:33,854 [WARN] PackLoader:240 - Cannot read IP mode file for STMicroelectronics.X-CUBE-MEMS1.11.1.0
2025-03-26 14:46:33,989 [INFO] LogOutputStream:77 - [STDOUT_REDIRECT] 1 : Invalid condition id : UX_CORESTACK_Condition cause : null
2025-03-26 14:46:33,989 [INFO] LogOutputStream:77 - [STDOUT_REDIRECT] 1 : Invalid condition id : UX_CORESTACK_Condition cause : null
2025-03-26 14:46:33,991 [INFO] LogOutputStream:77 - [STDOUT_REDIRECT] 1 : Invalid condition id : UX_CORESTACK_Condition cause : null
2025-03-26 14:46:33,992 [INFO] LogOutputStream:77 - [STDOUT_REDIRECT] 1 : Invalid condition id : UX_CORESTACK_Condition cause : null
2025-03-26 14:46:33,993 [INFO] LogOutputStream:77 - [STDOUT_REDIRECT] 1 : Invalid condition id : UX_CORESTACK_Condition cause : null
2025-03-26 14:46:33,996 [WARN] PackLoader:240 - Cannot read IP mode file for STMicroelectronics.X-CUBE-AZRTOS-WL.2.0.0
2025-03-26 14:46:34,003 [WARN] PackLoader:240 - Cannot read IP mode file for STMicroelectronics.FP-SNS-MOTENV1.5.0.0
2025-03-26 14:46:34,014 [WARN] PackLoader:240 - Cannot read IP mode file for WES.I-CUBE-Cesium.1.3.0
2025-03-26 14:46:34,019 [WARN] PackLoader:240 - Cannot read IP mode file for STMicroelectronics.X-CUBE-BLE2.3.3.0
2025-03-26 14:46:34,026 [WARN] PackLoader:240 - Cannot read IP mode file for STMicroelectronics.X-CUBE-NFC9.1.0.0
2025-03-26 14:46:34,034 [WARN] PackLoader:240 - Cannot read IP mode file for STMicroelectronics.X-CUBE-BLE1.7.1.0
2025-03-26 14:46:34,039 [WARN] PackLoader:240 - Cannot read IP mode file for wolfSSL.I-CUBE-wolfMQTT.1.19.2
2025-03-26 14:46:34,055 [WARN] PackLoader:240 - Cannot read IP mode file for STMicroelectronics.X-CUBE-AZRTOS-G0.1.1.0
2025-03-26 14:46:34,064 [WARN] PackLoader:240 - Cannot read IP mode file for STMicroelectronics.X-CUBE-SAFEA1.1.2.2
2025-03-26 14:46:34,071 [WARN] PackLoader:240 - Cannot read IP mode file for STMicroelectronics.X-CUBE-NFC4.3.0.0
2025-03-26 14:46:34,081 [WARN] PackLoader:240 - Cannot read IP mode file for EmbeddedOffice.I-CUBE-FS-RTOS.1.0.1
2025-03-26 14:46:34,089 [WARN] PackLoader:240 - Cannot read IP mode file for wolfSSL.I-CUBE-wolfTPM.3.8.0
2025-03-26 14:46:34,096 [WARN] PackLoader:240 - Cannot read IP mode file for STMicroelectronics.X-CUBE-TCPP.4.2.0
2025-03-26 14:46:34,102 [WARN] PackLoader:240 - Cannot read IP mode file for RealThread.X-CUBE-RT-Thread_Nano.4.1.1
2025-03-26 14:46:34,106 [WARN] PackLoader:240 - Cannot read IP mode file for STMicroelectronics.FP-ATR-SIGFOX1.3.2.0
2025-03-26 14:46:34,113 [WARN] PackLoader:240 - Cannot read IP mode file for STMicroelectronics.X-CUBE-EEPRMA1.5.1.0
2025-03-26 14:46:34,119 [WARN] PackLoader:240 - Cannot read IP mode file for wolfSSL.I-CUBE-wolfSSL.5.7.6
2025-03-26 14:46:34,126 [WARN] PackLoader:240 - Cannot read IP mode file for ITTIA_DB.I-CUBE-ITTIADB.8.9.0
2025-03-26 14:46:34,152 [WARN] PackLoader:240 - Cannot read IP mode file for SEGGER.I-CUBE-embOS.1.3.1
2025-03-26 14:46:34,180 [WARN] PackLoader:240 - Cannot read IP mode file for STMicroelectronics.X-CUBE-ALGOBUILD.1.4.0
2025-03-26 14:46:34,192 [WARN] PackLoader:240 - Cannot read IP mode file for STMicroelectronics.X-CUBE-AZRTOS-F4.1.1.0
2025-03-26 14:46:34,198 [WARN] PackLoader:240 - Cannot read IP mode file for STMicroelectronics.X-CUBE-ISPU.2.1.0
2025-03-26 14:46:34,221 [WARN] PackLoader:240 - Cannot read IP mode file for STMicroelectronics.X-CUBE-AZRTOS-L5.2.0.0
2025-03-26 14:46:34,231 [WARN] PackLoader:240 - Cannot read IP mode file for STMicroelectronics.X-CUBE-NFC6.3.1.0
2025-03-26 14:46:34,239 [WARN] PackLoader:240 - Cannot read IP mode file for STMicroelectronics.X-CUBE-DPower.1.2.0
2025-03-26 14:46:34,245 [WARN] PackLoader:240 - Cannot read IP mode file for STMicroelectronics.X-CUBE-FREERTOS.1.3.0
2025-03-26 14:46:34,251 [WARN] PackLoader:240 - Cannot read IP mode file for STMicroelectronics.X-CUBE-NFC7.1.0.1
2025-03-26 14:46:34,267 [WARN] ConditionMgr:438 - getConditionDescription Invalid condition id : LAN8742 Phy interface Condition cause : null
2025-03-26 14:46:34,268 [WARN] PackLoader:240 - Cannot read IP mode file for STMicroelectronics.X-CUBE-AZRTOS-L4.2.0.0
2025-03-26 14:46:34,269 [WARN] ConditionMgr:1044 - genDependencies : Invalid condition id : LAN8742 Phy interface Condition cause : null
2025-03-26 14:46:34,269 [WARN] ConditionMgr:1044 - genDependencies : Invalid condition id : LAN8742 Phy interface Condition cause : null
2025-03-26 14:46:34,270 [WARN] ConditionMgr:1044 - genDependencies : Invalid condition id : LAN8742 Phy interface Condition cause : null
2025-03-26 14:46:34,276 [WARN] PackLoader:240 - Cannot read IP mode file for STMicroelectronics.X-CUBE-SFXS2LP1.4.0.0
2025-03-26 14:46:34,292 [WARN] PackLoader:240 - Cannot read IP mode file for STMicroelectronics.X-CUBE-AZRTOS-H7.3.3.0
2025-03-26 14:46:34,304 [WARN] ConditionMgr:438 - getConditionDescription Invalid condition id : UX DEVICE CLASS RTOS Condition cause : null
2025-03-26 14:46:34,304 [WARN] ConditionMgr:438 - getConditionDescription Invalid condition id : UX DEVICE CLASS RTOS Condition cause : null
2025-03-26 14:46:34,305 [WARN] PackLoader:240 - Cannot read IP mode file for STMicroelectronics.X-CUBE-AZRTOS-WB.2.0.0
2025-03-26 14:46:34,305 [WARN] ConditionMgr:1044 - genDependencies : Invalid condition id : UX DEVICE CLASS RTOS Condition cause : null
2025-03-26 14:46:34,305 [WARN] ConditionMgr:1044 - genDependencies : Invalid condition id : UX DEVICE CLASS RTOS Condition cause : null
2025-03-26 14:46:34,305 [WARN] ConditionMgr:1044 - genDependencies : Invalid condition id : UX DEVICE CLASS RTOS Condition cause : null
2025-03-26 14:46:34,305 [WARN] ConditionMgr:1044 - genDependencies : Invalid condition id : UX DEVICE CLASS RTOS Condition cause : null
2025-03-26 14:46:34,305 [WARN] ConditionMgr:1044 - genDependencies : Invalid condition id : UX DEVICE CLASS RTOS Condition cause : null
2025-03-26 14:46:34,312 [WARN] PackLoader:240 - Cannot read IP mode file for STMicroelectronics.X-CUBE-GNSS1.7.0.1
2025-03-26 14:46:34,318 [WARN] PackLoader:240 - Cannot read IP mode file for STMicroelectronics.X-CUBE-TOUCHGFX.4.25.0
2025-03-26 14:46:34,324 [WARN] PackLoader:240 - Cannot read IP mode file for STMicroelectronics.FP-SNS-STBOX1.2.0.0
2025-03-26 14:46:34,336 [WARN] PackLoader:240 - Cannot read IP mode file for STMicroelectronics.X-CUBE-SUBG2.5.0.0
2025-03-26 14:46:34,356 [WARN] PackLoader:240 - Cannot read IP mode file for STMicroelectronics.X-CUBE-AZRTOS-H7RS.1.1.0
2025-03-26 14:46:34,363 [WARN] PackLoader:240 - Cannot read IP mode file for Cesanta.I-CUBE-Mongoose.7.13.0
2025-03-26 14:46:34,373 [WARN] PackLoader:240 - Cannot read IP mode file for STMicroelectronics.X-CUBE-AZRTOS-G4.2.0.0
2025-03-26 14:46:34,379 [WARN] PackLoader:240 - Cannot read IP mode file for wolfSSL.I-CUBE-wolfSSH.1.4.20
2025-03-26 14:46:34,392 [WARN] PackLoader:240 - Cannot read IP mode file for STMicroelectronics.X-CUBE-IPS.3.1.0
2025-03-26 14:46:34,403 [WARN] PackLoader:240 - Cannot read IP mode file for STMicroelectronics.X-CUBE-ALS.1.0.2
2025-03-26 14:46:34,411 [WARN] PackLoader:240 - Cannot read IP mode file for portGmbH.I-Cube-SoM-uGOAL.1.1.0
2025-03-26 14:46:34,429 [WARN] PackLoader:240 - Cannot read IP mode file for STMicroelectronics.X-CUBE-AZRTOS-H7RS.1.0.0
2025-03-26 14:46:34,441 [WARN] PackLoader:240 - Cannot read IP mode file for STMicroelectronics.X-CUBE-TOF1.3.4.2
2025-03-26 14:46:34,452 [INFO] ThirdParty:978 - Integrity check success = true
2025-03-26 14:46:34,452 [INFO] IntegrityCheckThread:100 - exiting critical section [integrity check]
2025-03-26 14:46:34,452 [INFO] IntegrityCheckThread:103 - End integrity checks thread
2025-03-26 16:24:20,727 [INFO] WebApp:403 - JxBrowser engine has been closed 
2025-03-26 16:32:40,454 [ERROR] LogOutputStream:75 - [STDERR_REDIRECT] 
2025-03-26 16:32:40,456 [ERROR] LogOutputStream:75 - [STDERR_REDIRECT] 
